<?xml version="1.0" encoding="UTF-8"?>
<testsuite name="ch.malbera.monitoring.MonitoringApplicationTests" tests="1" skipped="0" failures="0" errors="0" timestamp="2018-02-12T22:53:33" hostname="malbera" time="0.004">
  <properties/>
  <testcase name="contextLoads" classname="ch.malbera.monitoring.MonitoringApplicationTests" time="0.004"/>
  <system-out><![CDATA[23:53:29.543 [Test worker] DEBUG org.springframework.test.context.junit4.SpringJUnit4ClassRunner - SpringJUnit4ClassRunner constructor called with [class ch.malbera.monitoring.MonitoringApplicationTests]
23:53:29.547 [Test worker] DEBUG org.springframework.test.context.BootstrapUtils - Instantiating CacheAwareContextLoaderDelegate from class [org.springframework.test.context.cache.DefaultCacheAwareContextLoaderDelegate]
23:53:29.551 [Test worker] DEBUG org.springframework.test.context.BootstrapUtils - Instantiating BootstrapContext using constructor [public org.springframework.test.context.support.DefaultBootstrapContext(java.lang.Class,org.springframework.test.context.CacheAwareContextLoaderDelegate)]
23:53:29.557 [Test worker] DEBUG org.springframework.test.context.BootstrapUtils - Instantiating TestContextBootstrapper for test class [ch.malbera.monitoring.MonitoringApplicationTests] from class [org.springframework.test.context.support.DefaultTestContextBootstrapper]
23:53:29.574 [Test worker] DEBUG org.springframework.test.context.support.DefaultTestContextBootstrapper - Found explicit ContextLoader class [org.springframework.boot.test.SpringApplicationContextLoader] for context configuration attributes [ContextConfigurationAttributes@54c59805 declaringClass = 'ch.malbera.monitoring.MonitoringApplicationTests', classes = '{class ch.malbera.monitoring.MonitoringApplication}', locations = '{}', inheritLocations = true, initializers = '{}', inheritInitializers = true, name = [null], contextLoaderClass = 'org.springframework.boot.test.SpringApplicationContextLoader']
23:53:29.580 [Test worker] DEBUG org.springframework.test.context.support.AbstractContextLoader - Did not detect default resource location for test class [ch.malbera.monitoring.MonitoringApplicationTests]: class path resource [ch/malbera/monitoring/MonitoringApplicationTests-context.xml] does not exist
23:53:29.581 [Test worker] DEBUG org.springframework.test.context.support.AbstractContextLoader - Did not detect default resource location for test class [ch.malbera.monitoring.MonitoringApplicationTests]: class path resource [ch/malbera/monitoring/MonitoringApplicationTestsContext.groovy] does not exist
23:53:29.581 [Test worker] INFO org.springframework.test.context.support.AbstractContextLoader - Could not detect default resource locations for test class [ch.malbera.monitoring.MonitoringApplicationTests]: no resource found for suffixes {-context.xml, Context.groovy}.
23:53:29.582 [Test worker] DEBUG org.springframework.test.context.support.ActiveProfilesUtils - Could not find an 'annotation declaring class' for annotation type [org.springframework.test.context.ActiveProfiles] and class [ch.malbera.monitoring.MonitoringApplicationTests]
23:53:29.585 [Test worker] DEBUG org.springframework.test.context.support.DefaultTestContextBootstrapper - @TestExecutionListeners is not present for class [ch.malbera.monitoring.MonitoringApplicationTests]: using defaults.
23:53:29.592 [Test worker] INFO org.springframework.test.context.support.DefaultTestContextBootstrapper - Loaded default TestExecutionListener class names from location [META-INF/spring.factories]: [org.springframework.test.context.web.ServletTestExecutionListener, org.springframework.test.context.support.DirtiesContextBeforeModesTestExecutionListener, org.springframework.test.context.support.DependencyInjectionTestExecutionListener, org.springframework.test.context.support.DirtiesContextTestExecutionListener, org.springframework.test.context.transaction.TransactionalTestExecutionListener, org.springframework.test.context.jdbc.SqlScriptsTestExecutionListener]
23:53:29.607 [Test worker] INFO org.springframework.test.context.support.DefaultTestContextBootstrapper - Using TestExecutionListeners: [org.springframework.test.context.web.ServletTestExecutionListener@51087881, org.springframework.test.context.support.DirtiesContextBeforeModesTestExecutionListener@683feb4a, org.springframework.test.context.support.DependencyInjectionTestExecutionListener@7ce73ba, org.springframework.test.context.support.DirtiesContextTestExecutionListener@3b700c4e, org.springframework.test.context.transaction.TransactionalTestExecutionListener@29aea7d1, org.springframework.test.context.jdbc.SqlScriptsTestExecutionListener@3e5c6c15]
23:53:29.609 [Test worker] DEBUG org.springframework.test.annotation.ProfileValueUtils - Retrieved @ProfileValueSourceConfiguration [null] for test class [ch.malbera.monitoring.MonitoringApplicationTests]
23:53:29.609 [Test worker] DEBUG org.springframework.test.annotation.ProfileValueUtils - Retrieved ProfileValueSource type [class org.springframework.test.annotation.SystemProfileValueSource] for class [ch.malbera.monitoring.MonitoringApplicationTests]
23:53:29.610 [Test worker] DEBUG org.springframework.test.annotation.ProfileValueUtils - Retrieved @ProfileValueSourceConfiguration [null] for test class [ch.malbera.monitoring.MonitoringApplicationTests]
23:53:29.610 [Test worker] DEBUG org.springframework.test.annotation.ProfileValueUtils - Retrieved ProfileValueSource type [class org.springframework.test.annotation.SystemProfileValueSource] for class [ch.malbera.monitoring.MonitoringApplicationTests]
23:53:29.613 [Test worker] DEBUG org.springframework.test.context.support.AbstractDirtiesContextTestExecutionListener - Before test class: context [DefaultTestContext@50997edf testClass = MonitoringApplicationTests, testInstance = [null], testMethod = [null], testException = [null], mergedContextConfiguration = [MergedContextConfiguration@48eed95b testClass = MonitoringApplicationTests, locations = '{}', classes = '{class ch.malbera.monitoring.MonitoringApplication}', contextInitializerClasses = '[]', activeProfiles = '{}', propertySourceLocations = '{}', propertySourceProperties = '{}', contextLoader = 'org.springframework.boot.test.SpringApplicationContextLoader', parent = [null]]], class annotated with @DirtiesContext [false] with mode [null].
23:53:29.614 [Test worker] DEBUG org.springframework.test.annotation.ProfileValueUtils - Retrieved @ProfileValueSourceConfiguration [null] for test class [ch.malbera.monitoring.MonitoringApplicationTests]
23:53:29.614 [Test worker] DEBUG org.springframework.test.annotation.ProfileValueUtils - Retrieved ProfileValueSource type [class org.springframework.test.annotation.SystemProfileValueSource] for class [ch.malbera.monitoring.MonitoringApplicationTests]
23:53:29.616 [Test worker] DEBUG org.springframework.test.context.support.DependencyInjectionTestExecutionListener - Performing dependency injection for test context [[DefaultTestContext@50997edf testClass = MonitoringApplicationTests, testInstance = ch.malbera.monitoring.MonitoringApplicationTests@4a18a2bd, testMethod = [null], testException = [null], mergedContextConfiguration = [MergedContextConfiguration@48eed95b testClass = MonitoringApplicationTests, locations = '{}', classes = '{class ch.malbera.monitoring.MonitoringApplication}', contextInitializerClasses = '[]', activeProfiles = '{}', propertySourceLocations = '{}', propertySourceProperties = '{}', contextLoader = 'org.springframework.boot.test.SpringApplicationContextLoader', parent = [null]]]].
23:53:29.683 [Test worker] DEBUG org.springframework.core.env.StandardEnvironment - Adding [systemProperties] PropertySource with lowest search precedence
23:53:29.685 [Test worker] DEBUG org.springframework.core.env.StandardEnvironment - Adding [systemEnvironment] PropertySource with lowest search precedence
23:53:29.685 [Test worker] DEBUG org.springframework.core.env.StandardEnvironment - Initialized StandardEnvironment with PropertySources [systemProperties,systemEnvironment]
23:53:29.686 [Test worker] DEBUG org.springframework.core.env.StandardEnvironment - Adding [integrationTest] PropertySource with search precedence immediately lower than [systemEnvironment]
2018-02-12 23:53:30.100  INFO 2277 --- [    Test worker] s.c.a.AnnotationConfigApplicationContext : Refreshing org.springframework.context.annotation.AnnotationConfigApplicationContext@5eb371ef: startup date [Mon Feb 12 23:53:30 CET 2018]; root of context hierarchy
2018-02-12 23:53:30.319  INFO 2277 --- [    Test worker] f.a.AutowiredAnnotationBeanPostProcessor : JSR-330 'javax.inject.Inject' annotation found and supported for autowiring
2018-02-12 23:53:30.344  INFO 2277 --- [    Test worker] trationDelegate$BeanPostProcessorChecker : Bean 'configurationPropertiesRebinderAutoConfiguration' of type [class org.springframework.cloud.autoconfigure.ConfigurationPropertiesRebinderAutoConfiguration$$EnhancerBySpringCGLIB$$9ca27903] is not eligible for getting processed by all BeanPostProcessors (for example: not eligible for auto-proxying)

  .   ____          _            __ _ _
 /\\ / ___'_ __ _ _(_)_ __  __ _ \ \ \ \
( ( )\___ | '_ | '_| | '_ \/ _` | \ \ \ \
 \\/  ___)| |_)| | | | | || (_| |  ) ) ) )
  '  |____| .__|_| |_|_| |_\__, | / / / /
 =========|_|==============|___/=/_/_/_/
 :: Spring Boot ::        (v1.3.5.RELEASE)

2018-02-12 23:53:30.641  INFO 2277 --- [    Test worker] c.c.c.ConfigServicePropertySourceLocator : Fetching config from server at: http://localhost:8888
2018-02-12 23:53:30.709  WARN 2277 --- [    Test worker] c.c.c.ConfigServicePropertySourceLocator : Could not locate PropertySource: I/O error on GET request for "http://localhost:8888/application/default": Connection refused (Connection refused); nested exception is java.net.ConnectException: Connection refused (Connection refused)
2018-02-12 23:53:30.711  INFO 2277 --- [    Test worker] c.m.m.MonitoringApplicationTests         : No active profile set, falling back to default profiles: default
2018-02-12 23:53:30.722  INFO 2277 --- [    Test worker] s.c.a.AnnotationConfigApplicationContext : Refreshing org.springframework.context.annotation.AnnotationConfigApplicationContext@6c5c72c8: startup date [Mon Feb 12 23:53:30 CET 2018]; parent: org.springframework.context.annotation.AnnotationConfigApplicationContext@5eb371ef
2018-02-12 23:53:31.153  INFO 2277 --- [    Test worker] o.s.b.f.config.PropertiesFactoryBean     : Loading properties file from URL [jar:file:/home/malbera/.m2/repository/org/springframework/integration/spring-integration-core/4.2.5.RELEASE/spring-integration-core-4.2.5.RELEASE.jar!/META-INF/spring.integration.default.properties]
2018-02-12 23:53:31.156  INFO 2277 --- [    Test worker] o.s.i.config.IntegrationRegistrar        : No bean named 'integrationHeaderChannelRegistry' has been explicitly defined. Therefore, a default DefaultHeaderChannelRegistry will be created.
2018-02-12 23:53:31.248  WARN 2277 --- [    Test worker] o.s.c.a.ConfigurationClassPostProcessor  : Cannot enhance @Configuration bean definition 'refreshScope' since its singleton instance has been created too early. The typical cause is a non-static @Bean method with a BeanDefinitionRegistryPostProcessor return type: Consider declaring such methods as 'static'.
2018-02-12 23:53:31.345  INFO 2277 --- [    Test worker] o.s.cloud.context.scope.GenericScope     : BeanFactory id=0e631ba2-7118-3651-9873-b7fb3570cdc0
2018-02-12 23:53:31.356  INFO 2277 --- [    Test worker] faultConfiguringBeanFactoryPostProcessor : No bean named 'errorChannel' has been explicitly defined. Therefore, a default PublishSubscribeChannel will be created.
2018-02-12 23:53:31.358  INFO 2277 --- [    Test worker] faultConfiguringBeanFactoryPostProcessor : No bean named 'taskScheduler' has been explicitly defined. Therefore, a default ThreadPoolTaskScheduler will be created.
2018-02-12 23:53:31.367  INFO 2277 --- [    Test worker] f.a.AutowiredAnnotationBeanPostProcessor : JSR-330 'javax.inject.Inject' annotation found and supported for autowiring
2018-02-12 23:53:31.374  INFO 2277 --- [    Test worker] trationDelegate$BeanPostProcessorChecker : Bean 'org.springframework.amqp.rabbit.annotation.RabbitBootstrapConfiguration' of type [class org.springframework.amqp.rabbit.annotation.RabbitBootstrapConfiguration$$EnhancerBySpringCGLIB$$46f43434] is not eligible for getting processed by all BeanPostProcessors (for example: not eligible for auto-proxying)
2018-02-12 23:53:31.425  INFO 2277 --- [    Test worker] trationDelegate$BeanPostProcessorChecker : Bean 'org.springframework.cloud.autoconfigure.ConfigurationPropertiesRebinderAutoConfiguration' of type [class org.springframework.cloud.autoconfigure.ConfigurationPropertiesRebinderAutoConfiguration$$EnhancerBySpringCGLIB$$9ca27903] is not eligible for getting processed by all BeanPostProcessors (for example: not eligible for auto-proxying)
2018-02-12 23:53:31.432  INFO 2277 --- [    Test worker] trationDelegate$BeanPostProcessorChecker : Bean 'org.springframework.cloud.autoconfigure.RefreshEndpointAutoConfiguration' of type [class org.springframework.cloud.autoconfigure.RefreshEndpointAutoConfiguration$$EnhancerBySpringCGLIB$$46017af9] is not eligible for getting processed by all BeanPostProcessors (for example: not eligible for auto-proxying)
2018-02-12 23:53:31.455  INFO 2277 --- [    Test worker] trationDelegate$BeanPostProcessorChecker : Bean 'org.springframework.cloud.stream.config.ChannelBindingServiceConfiguration$PostProcessorConfiguration' of type [class org.springframework.cloud.stream.config.ChannelBindingServiceConfiguration$PostProcessorConfiguration$$EnhancerBySpringCGLIB$$78530e92] is not eligible for getting processed by all BeanPostProcessors (for example: not eligible for auto-proxying)
2018-02-12 23:53:31.776  INFO 2277 --- [    Test worker] o.s.ui.freemarker.SpringTemplateLoader   : SpringTemplateLoader for FreeMarker: using resource loader [org.springframework.context.annotation.AnnotationConfigApplicationContext@6c5c72c8: startup date [Mon Feb 12 23:53:30 CET 2018]; parent: org.springframework.context.annotation.AnnotationConfigApplicationContext@5eb371ef] and template loader path [classpath:/templates/]
2018-02-12 23:53:31.778  INFO 2277 --- [    Test worker] o.s.w.s.v.f.FreeMarkerConfigurer         : ClassTemplateLoader for Spring macros added to FreeMarker configuration
2018-02-12 23:53:32.143  INFO 2277 --- [    Test worker] o.s.b.f.config.PropertiesFactoryBean     : Loading properties file from URL [jar:file:/home/malbera/.m2/repository/org/springframework/integration/spring-integration-core/4.2.5.RELEASE/spring-integration-core-4.2.5.RELEASE.jar!/META-INF/spring.integration.default.properties]
2018-02-12 23:53:32.183  INFO 2277 --- [    Test worker] o.s.s.c.ThreadPoolTaskScheduler          : Initializing ExecutorService  'taskScheduler'
2018-02-12 23:53:32.633  INFO 2277 --- [    Test worker] o.s.ui.freemarker.SpringTemplateLoader   : SpringTemplateLoader for FreeMarker: using resource loader [org.springframework.context.annotation.AnnotationConfigApplicationContext@6c5c72c8: startup date [Mon Feb 12 23:53:30 CET 2018]; parent: org.springframework.context.annotation.AnnotationConfigApplicationContext@5eb371ef] and template loader path [classpath:/templates/]
2018-02-12 23:53:32.844  WARN 2277 --- [    Test worker] o.s.c.n.a.ArchaiusAutoConfiguration      : No spring.application.name found, defaulting to 'application'
2018-02-12 23:53:32.849  WARN 2277 --- [    Test worker] c.n.c.sources.URLConfigurationSource     : No URLs will be polled as dynamic configuration sources.
2018-02-12 23:53:32.849  INFO 2277 --- [    Test worker] c.n.c.sources.URLConfigurationSource     : To enable URLs as dynamic configuration sources, define System property archaius.configurationSource.additionalUrls or make config.properties available on classpath.
2018-02-12 23:53:32.856  WARN 2277 --- [    Test worker] c.n.c.sources.URLConfigurationSource     : No URLs will be polled as dynamic configuration sources.
2018-02-12 23:53:32.856  INFO 2277 --- [    Test worker] c.n.c.sources.URLConfigurationSource     : To enable URLs as dynamic configuration sources, define System property archaius.configurationSource.additionalUrls or make config.properties available on classpath.
2018-02-12 23:53:33.159  INFO 2277 --- [    Test worker] o.s.i.codec.kryo.CompositeKryoRegistrar  : configured Kryo registration [40, java.io.File] with serializer org.springframework.integration.codec.kryo.FileSerializer
2018-02-12 23:53:33.399  INFO 2277 --- [    Test worker] o.s.c.support.DefaultLifecycleProcessor  : Starting beans in phase -2147483648
2018-02-12 23:53:33.399  INFO 2277 --- [    Test worker] o.s.i.endpoint.EventDrivenConsumer       : Adding {service-activator:hystrixStreamAggregator.sendToSubject.serviceActivator} as a subscriber to the 'turbineStreamInput' channel
2018-02-12 23:53:33.400  INFO 2277 --- [    Test worker] o.s.integration.channel.DirectChannel    : Channel 'application:-1.turbineStreamInput' has 1 subscriber(s).
2018-02-12 23:53:33.400  INFO 2277 --- [    Test worker] o.s.i.endpoint.EventDrivenConsumer       : started hystrixStreamAggregator.sendToSubject.serviceActivator
2018-02-12 23:53:33.400  INFO 2277 --- [    Test worker] o.s.c.support.DefaultLifecycleProcessor  : Starting beans in phase -2147482648
2018-02-12 23:53:33.401  INFO 2277 --- [    Test worker] o.s.c.support.DefaultLifecycleProcessor  : Starting beans in phase -2147483648
2018-02-12 23:53:33.401  INFO 2277 --- [    Test worker] o.s.c.support.DefaultLifecycleProcessor  : Starting beans in phase -2147482648
2018-02-12 23:53:33.401  INFO 2277 --- [    Test worker] o.s.c.support.DefaultLifecycleProcessor  : Starting beans in phase 0
2018-02-12 23:53:33.439  INFO 2277 --- [    Test worker] i.reactivex.netty.server.AbstractServer  : Rx server started at port: 40084
2018-02-12 23:53:33.440  INFO 2277 --- [    Test worker] o.s.i.endpoint.EventDrivenConsumer       : Adding {logging-channel-adapter:_org.springframework.integration.errorLogger} as a subscriber to the 'errorChannel' channel
2018-02-12 23:53:33.441  INFO 2277 --- [    Test worker] o.s.i.channel.PublishSubscribeChannel    : Channel 'application:-1.errorChannel' has 1 subscriber(s).
2018-02-12 23:53:33.441  INFO 2277 --- [    Test worker] o.s.i.endpoint.EventDrivenConsumer       : started _org.springframework.integration.errorLogger
2018-02-12 23:53:33.441  INFO 2277 --- [    Test worker] o.s.c.support.DefaultLifecycleProcessor  : Starting beans in phase 2147482647
2018-02-12 23:53:33.514  INFO 2277 --- [    Test worker] s.c.a.AnnotationConfigApplicationContext : Refreshing org.springframework.context.annotation.AnnotationConfigApplicationContext@2a71e030: startup date [Mon Feb 12 23:53:33 CET 2018]; root of context hierarchy
2018-02-12 23:53:33.528  INFO 2277 --- [    Test worker] f.a.AutowiredAnnotationBeanPostProcessor : JSR-330 'javax.inject.Inject' annotation found and supported for autowiring
2018-02-12 23:53:33.530  INFO 2277 --- [    Test worker] trationDelegate$BeanPostProcessorChecker : Bean 'configurationPropertiesRebinderAutoConfiguration' of type [class org.springframework.cloud.autoconfigure.ConfigurationPropertiesRebinderAutoConfiguration$$EnhancerBySpringCGLIB$$9ca27903] is not eligible for getting processed by all BeanPostProcessors (for example: not eligible for auto-proxying)
2018-02-12 23:53:33.617  INFO 2277 --- [    Test worker] c.c.c.ConfigServicePropertySourceLocator : Fetching config from server at: http://localhost:8888
2018-02-12 23:53:33.621  WARN 2277 --- [    Test worker] c.c.c.ConfigServicePropertySourceLocator : Could not locate PropertySource: I/O error on GET request for "http://localhost:8888/application/default": Connection refused (Connection refused); nested exception is java.net.ConnectException: Connection refused (Connection refused)
2018-02-12 23:53:33.622  INFO 2277 --- [    Test worker] o.s.boot.SpringApplication               : No active profile set, falling back to default profiles: default
2018-02-12 23:53:33.625  INFO 2277 --- [    Test worker] s.c.a.AnnotationConfigApplicationContext : Refreshing org.springframework.context.annotation.AnnotationConfigApplicationContext@48bfe042: startup date [Mon Feb 12 23:53:33 CET 2018]; parent: org.springframework.context.annotation.AnnotationConfigApplicationContext@6c5c72c8
2018-02-12 23:53:33.658  INFO 2277 --- [    Test worker] f.a.AutowiredAnnotationBeanPostProcessor : JSR-330 'javax.inject.Inject' annotation found and supported for autowiring
2018-02-12 23:53:33.719  INFO 2277 --- [    Test worker] o.s.c.support.GenericApplicationContext  : Refreshing org.springframework.context.support.GenericApplicationContext@2be1cbde: startup date [Mon Feb 12 23:53:33 CET 2018]; root of context hierarchy
2018-02-12 23:53:33.756  INFO 2277 --- [    Test worker] o.s.boot.SpringApplication               : Started application in 0.301 seconds (JVM running for 4.799)
2018-02-12 23:53:33.783  INFO 2277 --- [    Test worker] o.s.c.s.b.r.RabbitMessageChannelBinder   : declaring queue for inbound: springCloudHystrixStream.anonymous.GvxzWD13RzaZnv8hwM_1bw, bound to: springCloudHystrixStream
2018-02-12 23:53:33.825  INFO 2277 --- [    Test worker] o.s.integration.channel.DirectChannel    : Channel 'springCloudHystrixStream.anonymous.GvxzWD13RzaZnv8hwM_1bw.bridge' has 1 subscriber(s).
2018-02-12 23:53:33.832  INFO 2277 --- [    Test worker] o.s.i.a.i.AmqpInboundChannelAdapter      : started inbound.springCloudHystrixStream.anonymous.GvxzWD13RzaZnv8hwM_1bw
2018-02-12 23:53:33.832  INFO 2277 --- [    Test worker] o.s.c.support.DefaultLifecycleProcessor  : Starting beans in phase 2147483647
2018-02-12 23:53:33.833  INFO 2277 --- [    Test worker] o.s.c.support.DefaultLifecycleProcessor  : Starting beans in phase 0
2018-02-12 23:53:33.834  INFO 2277 --- [    Test worker] o.s.c.support.DefaultLifecycleProcessor  : Starting beans in phase 2147482647
2018-02-12 23:53:33.834  INFO 2277 --- [    Test worker] o.s.c.support.DefaultLifecycleProcessor  : Starting beans in phase 2147483647
2018-02-12 23:53:33.852  INFO 2277 --- [    Test worker] c.m.m.MonitoringApplicationTests         : Started MonitoringApplicationTests in 4.164 seconds (JVM running for 4.895)
]]></system-out>
  <system-err><![CDATA[]]></system-err>
</testsuite>
