<?xml version="1.0" encoding="UTF-8"?>
<testsuite name="ch.malbera.statistics.controller.StatisticsControllerTest" tests="3" skipped="0" failures="0" errors="0" timestamp="2018-02-12T22:53:56" hostname="malbera" time="0.345">
  <properties/>
  <testcase name="shouldSaveAccountStatistics" classname="ch.malbera.statistics.controller.StatisticsControllerTest" time="0.23"/>
  <testcase name="shouldGetCurrentAccountStatistics" classname="ch.malbera.statistics.controller.StatisticsControllerTest" time="0.087"/>
  <testcase name="shouldGetStatisticsByAccountName" classname="ch.malbera.statistics.controller.StatisticsControllerTest" time="0.027"/>
  <system-out><![CDATA[2018-02-12 23:53:56.101  INFO 2565 --- [    Test worker] o.s.t.c.support.AbstractContextLoader    : Could not detect default resource locations for test class [ch.malbera.statistics.controller.StatisticsControllerTest]: no resource found for suffixes {-context.xml, Context.groovy}.
2018-02-12 23:53:56.104  INFO 2565 --- [    Test worker] o.s.t.c.web.WebTestContextBootstrapper   : Loaded default TestExecutionListener class names from location [META-INF/spring.factories]: [org.springframework.test.context.web.ServletTestExecutionListener, org.springframework.test.context.support.DirtiesContextBeforeModesTestExecutionListener, org.springframework.test.context.support.DependencyInjectionTestExecutionListener, org.springframework.test.context.support.DirtiesContextTestExecutionListener, org.springframework.test.context.transaction.TransactionalTestExecutionListener, org.springframework.test.context.jdbc.SqlScriptsTestExecutionListener]
2018-02-12 23:53:56.104  INFO 2565 --- [    Test worker] o.s.t.c.web.WebTestContextBootstrapper   : Using TestExecutionListeners: [org.springframework.test.context.web.ServletTestExecutionListener@4e75d5a9, org.springframework.test.context.support.DirtiesContextBeforeModesTestExecutionListener@3ed75627, org.springframework.test.context.support.DependencyInjectionTestExecutionListener@74f395be, org.springframework.test.context.support.DirtiesContextTestExecutionListener@3e0a291f, org.springframework.test.context.transaction.TransactionalTestExecutionListener@5e327bea, org.springframework.test.context.jdbc.SqlScriptsTestExecutionListener@5ad07865]
2018-02-12 23:53:56.201  INFO 2565 --- [    Test worker] ilder$StaticRequestMappingHandlerMapping : Mapped "{[/current],methods=[GET]}" onto public java.util.List<ch.malbera.statistics.domain.timeseries.DataPoint> ch.malbera.statistics.controller.StatisticsController.getCurrentAccountStatistics(java.security.Principal)
2018-02-12 23:53:56.201  INFO 2565 --- [    Test worker] ilder$StaticRequestMappingHandlerMapping : Mapped "{[/{accountName}],methods=[GET]}" onto public java.util.List<ch.malbera.statistics.domain.timeseries.DataPoint> ch.malbera.statistics.controller.StatisticsController.getStatisticsByAccountName(java.lang.String)
2018-02-12 23:53:56.201  INFO 2565 --- [    Test worker] ilder$StaticRequestMappingHandlerMapping : Mapped "{[/{accountName}],methods=[PUT]}" onto public void ch.malbera.statistics.controller.StatisticsController.saveAccountStatistics(java.lang.String,ch.malbera.statistics.domain.Account)
2018-02-12 23:53:56.213  INFO 2565 --- [    Test worker] s.w.s.m.m.a.RequestMappingHandlerAdapter : Looking for @ControllerAdvice: org.springframework.test.web.servlet.setup.StubWebApplicationContext@2e23ee70
2018-02-12 23:53:56.222  INFO 2565 --- [    Test worker] o.s.mock.web.MockServletContext          : Initializing Spring FrameworkServlet ''
2018-02-12 23:53:56.222  INFO 2565 --- [    Test worker] o.s.t.web.servlet.TestDispatcherServlet  : FrameworkServlet '': initialization started
2018-02-12 23:53:56.222  INFO 2565 --- [    Test worker] o.s.t.web.servlet.TestDispatcherServlet  : FrameworkServlet '': initialization completed in 0 ms
2018-02-12 23:53:56.339  INFO 2565 --- [    Test worker] ilder$StaticRequestMappingHandlerMapping : Mapped "{[/current],methods=[GET]}" onto public java.util.List<ch.malbera.statistics.domain.timeseries.DataPoint> ch.malbera.statistics.controller.StatisticsController.getCurrentAccountStatistics(java.security.Principal)
2018-02-12 23:53:56.339  INFO 2565 --- [    Test worker] ilder$StaticRequestMappingHandlerMapping : Mapped "{[/{accountName}],methods=[GET]}" onto public java.util.List<ch.malbera.statistics.domain.timeseries.DataPoint> ch.malbera.statistics.controller.StatisticsController.getStatisticsByAccountName(java.lang.String)
2018-02-12 23:53:56.339  INFO 2565 --- [    Test worker] ilder$StaticRequestMappingHandlerMapping : Mapped "{[/{accountName}],methods=[PUT]}" onto public void ch.malbera.statistics.controller.StatisticsController.saveAccountStatistics(java.lang.String,ch.malbera.statistics.domain.Account)
2018-02-12 23:53:56.350  INFO 2565 --- [    Test worker] s.w.s.m.m.a.RequestMappingHandlerAdapter : Looking for @ControllerAdvice: org.springframework.test.web.servlet.setup.StubWebApplicationContext@1f97c56e
2018-02-12 23:53:56.354  INFO 2565 --- [    Test worker] o.s.mock.web.MockServletContext          : Initializing Spring FrameworkServlet ''
2018-02-12 23:53:56.354  INFO 2565 --- [    Test worker] o.s.t.web.servlet.TestDispatcherServlet  : FrameworkServlet '': initialization started
2018-02-12 23:53:56.354  INFO 2565 --- [    Test worker] o.s.t.web.servlet.TestDispatcherServlet  : FrameworkServlet '': initialization completed in 0 ms
2018-02-12 23:53:56.426  INFO 2565 --- [    Test worker] ilder$StaticRequestMappingHandlerMapping : Mapped "{[/current],methods=[GET]}" onto public java.util.List<ch.malbera.statistics.domain.timeseries.DataPoint> ch.malbera.statistics.controller.StatisticsController.getCurrentAccountStatistics(java.security.Principal)
2018-02-12 23:53:56.427  INFO 2565 --- [    Test worker] ilder$StaticRequestMappingHandlerMapping : Mapped "{[/{accountName}],methods=[GET]}" onto public java.util.List<ch.malbera.statistics.domain.timeseries.DataPoint> ch.malbera.statistics.controller.StatisticsController.getStatisticsByAccountName(java.lang.String)
2018-02-12 23:53:56.427  INFO 2565 --- [    Test worker] ilder$StaticRequestMappingHandlerMapping : Mapped "{[/{accountName}],methods=[PUT]}" onto public void ch.malbera.statistics.controller.StatisticsController.saveAccountStatistics(java.lang.String,ch.malbera.statistics.domain.Account)
2018-02-12 23:53:56.441  INFO 2565 --- [    Test worker] s.w.s.m.m.a.RequestMappingHandlerAdapter : Looking for @ControllerAdvice: org.springframework.test.web.servlet.setup.StubWebApplicationContext@60993b4a
2018-02-12 23:53:56.446  INFO 2565 --- [    Test worker] o.s.mock.web.MockServletContext          : Initializing Spring FrameworkServlet ''
2018-02-12 23:53:56.446  INFO 2565 --- [    Test worker] o.s.t.web.servlet.TestDispatcherServlet  : FrameworkServlet '': initialization started
2018-02-12 23:53:56.446  INFO 2565 --- [    Test worker] o.s.t.web.servlet.TestDispatcherServlet  : FrameworkServlet '': initialization completed in 0 ms
]]></system-out>
  <system-err><![CDATA[]]></system-err>
</testsuite>
