<?xml version="1.0" encoding="UTF-8"?>
<testsuite name="ch.malbera.statistics.repository.DataPointRepositoryTest" tests="2" skipped="0" failures="0" errors="0" timestamp="2018-02-12T22:53:56" hostname="malbera" time="0.122">
  <properties/>
  <testcase name="shouldRewriteDataPointWithinADay" classname="ch.malbera.statistics.repository.DataPointRepositoryTest" time="0.114"/>
  <testcase name="shouldSaveDataPoint" classname="ch.malbera.statistics.repository.DataPointRepositoryTest" time="0.007"/>
  <system-out><![CDATA[2018-02-12 23:53:56.507  INFO 2565 --- [    Test worker] o.s.t.c.support.AbstractContextLoader    : Could not detect default resource locations for test class [ch.malbera.statistics.repository.DataPointRepositoryTest]: no resource found for suffixes {-context.xml, Context.groovy}.
2018-02-12 23:53:56.509  INFO 2565 --- [    Test worker] o.s.t.c.s.DefaultTestContextBootstrapper : Loaded default TestExecutionListener class names from location [META-INF/spring.factories]: [org.springframework.test.context.web.ServletTestExecutionListener, org.springframework.test.context.support.DirtiesContextBeforeModesTestExecutionListener, org.springframework.test.context.support.DependencyInjectionTestExecutionListener, org.springframework.test.context.support.DirtiesContextTestExecutionListener, org.springframework.test.context.transaction.TransactionalTestExecutionListener, org.springframework.test.context.jdbc.SqlScriptsTestExecutionListener]
2018-02-12 23:53:56.509  INFO 2565 --- [    Test worker] o.s.t.c.s.DefaultTestContextBootstrapper : Using TestExecutionListeners: [org.springframework.test.context.web.ServletTestExecutionListener@6893f2fd, org.springframework.test.context.support.DirtiesContextBeforeModesTestExecutionListener@2f6ac1e6, org.springframework.test.context.support.DependencyInjectionTestExecutionListener@388bb9ed, org.springframework.test.context.support.DirtiesContextTestExecutionListener@3c69a62f, org.springframework.test.context.transaction.TransactionalTestExecutionListener@4b1aaf45, org.springframework.test.context.jdbc.SqlScriptsTestExecutionListener@32062231]
2018-02-12 23:53:56.528  INFO 2565 --- [      Thread-13] o.s.b.a.mongo.embedded.EmbeddedMongo     : 2018-02-12T23:53:56.528+0100 [initandlisten] connection accepted from 127.0.0.1:49450 #2 (2 connections now open)
2018-02-12 23:53:56.538  INFO 2565 --- [      Thread-13] o.s.b.a.mongo.embedded.EmbeddedMongo     : 2018-02-12T23:53:56.538+0100 [conn2] allocating new ns file /tmp/embedmongo-db-1f37d1bf-651c-49d4-9621-f7b53030308c/piggymetrics.ns, filling with zeroes...
2018-02-12 23:53:56.601  INFO 2565 --- [      Thread-13] o.s.b.a.mongo.embedded.EmbeddedMongo     : 2018-02-12T23:53:56.601+0100 [FileAllocator] allocating new datafile /tmp/embedmongo-db-1f37d1bf-651c-49d4-9621-f7b53030308c/piggymetrics.0, filling with zeroes...
2018-02-12 23:53:56.601  INFO 2565 --- [      Thread-13] o.s.b.a.mongo.embedded.EmbeddedMongo     : 2018-02-12T23:53:56.601+0100 [FileAllocator] done allocating datafile /tmp/embedmongo-db-1f37d1bf-651c-49d4-9621-f7b53030308c/piggymetrics.0, size: 16MB,  took 0 secs
2018-02-12 23:53:56.602  INFO 2565 --- [      Thread-13] o.s.b.a.mongo.embedded.EmbeddedMongo     : 2018-02-12T23:53:56.602+0100 [conn2] build index on: piggymetrics.datapoints properties: { v: 1, key: { _id: 1 }, name: "_id_", ns: "piggymetrics.datapoints" }
2018-02-12 23:53:56.602  INFO 2565 --- [      Thread-13] o.s.b.a.mongo.embedded.EmbeddedMongo     : 2018-02-12T23:53:56.602+0100 [conn2] 	 added index to empty collection
]]></system-out>
  <system-err><![CDATA[]]></system-err>
</testsuite>
