<?xml version="1.0" encoding="UTF-8"?>
<testsuite name="ch.malbera.statistics.service.ExchangeRatesServiceImplTest" tests="4" skipped="0" failures="0" errors="0" timestamp="2018-02-12T22:53:56" hostname="malbera" time="0.021">
  <properties/>
  <testcase name="shouldReturnCurrentRatesWhenContainerIsEmptySoFar" classname="ch.malbera.statistics.service.ExchangeRatesServiceImplTest" time="0.018"/>
  <testcase name="shouldNotRequestRatesWhenTodaysContainerAlreadyExists" classname="ch.malbera.statistics.service.ExchangeRatesServiceImplTest" time="0.001"/>
  <testcase name="shouldConvertCurrency" classname="ch.malbera.statistics.service.ExchangeRatesServiceImplTest" time="0.001"/>
  <testcase name="shouldFailToConvertWhenAmountIsNull" classname="ch.malbera.statistics.service.ExchangeRatesServiceImplTest" time="0.001"/>
  <system-out><![CDATA[2018-02-12 23:53:56.466  INFO 2565 --- [    Test worker] c.m.s.service.ExchangeRatesServiceImpl   : exchange rates has been updated: RateList{date=2018-02-12, base=null, rates={EUR=0.8, RUB=80}}
2018-02-12 23:53:56.474  INFO 2565 --- [    Test worker] c.m.s.service.ExchangeRatesServiceImpl   : exchange rates has been updated: RateList{date=2018-02-12, base=null, rates={EUR=0.8, RUB=80}}
2018-02-12 23:53:56.475  INFO 2565 --- [    Test worker] c.m.s.service.ExchangeRatesServiceImpl   : exchange rates has been updated: RateList{date=2018-02-12, base=null, rates={EUR=0.8, RUB=80}}
]]></system-out>
  <system-err><![CDATA[]]></system-err>
</testsuite>
