<?xml version="1.0" encoding="UTF-8"?>
<testsuite name="ch.malbera.account.controller.AccountControllerTest" tests="6" skipped="0" failures="0" errors="0" timestamp="2018-02-12T22:53:12" hostname="malbera" time="0.351">
  <properties/>
  <testcase name="shouldFailOnValidationTryingToSaveCurrentAccount" classname="ch.malbera.account.controller.AccountControllerTest" time="0.164"/>
  <testcase name="shouldGetAccountByName" classname="ch.malbera.account.controller.AccountControllerTest" time="0.064"/>
  <testcase name="shouldGetCurrentAccount" classname="ch.malbera.account.controller.AccountControllerTest" time="0.017"/>
  <testcase name="shouldRegisterNewAccount" classname="ch.malbera.account.controller.AccountControllerTest" time="0.021"/>
  <testcase name="shouldSaveCurrentAccount" classname="ch.malbera.account.controller.AccountControllerTest" time="0.061"/>
  <testcase name="shouldFailOnValidationTryingToRegisterNewAccount" classname="ch.malbera.account.controller.AccountControllerTest" time="0.021"/>
  <system-out><![CDATA[2018-02-12 23:53:12.591  INFO 2034 --- [    Test worker] o.s.t.c.support.AbstractContextLoader    : Could not detect default resource locations for test class [ch.malbera.account.controller.AccountControllerTest]: no resource found for suffixes {-context.xml, Context.groovy}.
2018-02-12 23:53:12.593  INFO 2034 --- [    Test worker] o.s.t.c.web.WebTestContextBootstrapper   : Loaded default TestExecutionListener class names from location [META-INF/spring.factories]: [org.springframework.test.context.web.ServletTestExecutionListener, org.springframework.test.context.support.DirtiesContextBeforeModesTestExecutionListener, org.springframework.test.context.support.DependencyInjectionTestExecutionListener, org.springframework.test.context.support.DirtiesContextTestExecutionListener, org.springframework.test.context.transaction.TransactionalTestExecutionListener, org.springframework.test.context.jdbc.SqlScriptsTestExecutionListener]
2018-02-12 23:53:12.593  INFO 2034 --- [    Test worker] o.s.t.c.web.WebTestContextBootstrapper   : Using TestExecutionListeners: [org.springframework.test.context.web.ServletTestExecutionListener@176cdda4, org.springframework.test.context.support.DirtiesContextBeforeModesTestExecutionListener@7581ce70, org.springframework.test.context.support.DependencyInjectionTestExecutionListener@59bc9054, org.springframework.test.context.support.DirtiesContextTestExecutionListener@821ef1c, org.springframework.test.context.transaction.TransactionalTestExecutionListener@79518241, org.springframework.test.context.jdbc.SqlScriptsTestExecutionListener@2d83155]
2018-02-12 23:53:12.677  INFO 2034 --- [    Test worker] ilder$StaticRequestMappingHandlerMapping : Mapped "{[/{name}],methods=[GET]}" onto public ch.malbera.account.domain.Account ch.malbera.account.controller.AccountController.getAccountByName(java.lang.String)
2018-02-12 23:53:12.677  INFO 2034 --- [    Test worker] ilder$StaticRequestMappingHandlerMapping : Mapped "{[/current],methods=[GET]}" onto public ch.malbera.account.domain.Account ch.malbera.account.controller.AccountController.getCurrentAccount(java.security.Principal)
2018-02-12 23:53:12.677  INFO 2034 --- [    Test worker] ilder$StaticRequestMappingHandlerMapping : Mapped "{[/current],methods=[PUT]}" onto public void ch.malbera.account.controller.AccountController.saveCurrentAccount(java.security.Principal,ch.malbera.account.domain.Account)
2018-02-12 23:53:12.677  INFO 2034 --- [    Test worker] ilder$StaticRequestMappingHandlerMapping : Mapped "{[/],methods=[POST]}" onto public ch.malbera.account.domain.Account ch.malbera.account.controller.AccountController.createNewAccount(ch.malbera.account.domain.User)
2018-02-12 23:53:12.686  INFO 2034 --- [    Test worker] s.w.s.m.m.a.RequestMappingHandlerAdapter : Looking for @ControllerAdvice: org.springframework.test.web.servlet.setup.StubWebApplicationContext@34d0228
2018-02-12 23:53:12.694  INFO 2034 --- [    Test worker] o.s.mock.web.MockServletContext          : Initializing Spring FrameworkServlet ''
2018-02-12 23:53:12.694  INFO 2034 --- [    Test worker] o.s.t.web.servlet.TestDispatcherServlet  : FrameworkServlet '': initialization started
2018-02-12 23:53:12.694  INFO 2034 --- [    Test worker] o.s.t.web.servlet.TestDispatcherServlet  : FrameworkServlet '': initialization completed in 0 ms
2018-02-12 23:53:12.763  INFO 2034 --- [    Test worker] ilder$StaticRequestMappingHandlerMapping : Mapped "{[/{name}],methods=[GET]}" onto public ch.malbera.account.domain.Account ch.malbera.account.controller.AccountController.getAccountByName(java.lang.String)
2018-02-12 23:53:12.763  INFO 2034 --- [    Test worker] ilder$StaticRequestMappingHandlerMapping : Mapped "{[/current],methods=[GET]}" onto public ch.malbera.account.domain.Account ch.malbera.account.controller.AccountController.getCurrentAccount(java.security.Principal)
2018-02-12 23:53:12.763  INFO 2034 --- [    Test worker] ilder$StaticRequestMappingHandlerMapping : Mapped "{[/current],methods=[PUT]}" onto public void ch.malbera.account.controller.AccountController.saveCurrentAccount(java.security.Principal,ch.malbera.account.domain.Account)
2018-02-12 23:53:12.763  INFO 2034 --- [    Test worker] ilder$StaticRequestMappingHandlerMapping : Mapped "{[/],methods=[POST]}" onto public ch.malbera.account.domain.Account ch.malbera.account.controller.AccountController.createNewAccount(ch.malbera.account.domain.User)
2018-02-12 23:53:12.773  INFO 2034 --- [    Test worker] s.w.s.m.m.a.RequestMappingHandlerAdapter : Looking for @ControllerAdvice: org.springframework.test.web.servlet.setup.StubWebApplicationContext@1d05c77b
2018-02-12 23:53:12.776  INFO 2034 --- [    Test worker] o.s.mock.web.MockServletContext          : Initializing Spring FrameworkServlet ''
2018-02-12 23:53:12.776  INFO 2034 --- [    Test worker] o.s.t.web.servlet.TestDispatcherServlet  : FrameworkServlet '': initialization started
2018-02-12 23:53:12.776  INFO 2034 --- [    Test worker] o.s.t.web.servlet.TestDispatcherServlet  : FrameworkServlet '': initialization completed in 0 ms
2018-02-12 23:53:12.828  INFO 2034 --- [    Test worker] ilder$StaticRequestMappingHandlerMapping : Mapped "{[/{name}],methods=[GET]}" onto public ch.malbera.account.domain.Account ch.malbera.account.controller.AccountController.getAccountByName(java.lang.String)
2018-02-12 23:53:12.828  INFO 2034 --- [    Test worker] ilder$StaticRequestMappingHandlerMapping : Mapped "{[/current],methods=[GET]}" onto public ch.malbera.account.domain.Account ch.malbera.account.controller.AccountController.getCurrentAccount(java.security.Principal)
2018-02-12 23:53:12.828  INFO 2034 --- [    Test worker] ilder$StaticRequestMappingHandlerMapping : Mapped "{[/current],methods=[PUT]}" onto public void ch.malbera.account.controller.AccountController.saveCurrentAccount(java.security.Principal,ch.malbera.account.domain.Account)
2018-02-12 23:53:12.828  INFO 2034 --- [    Test worker] ilder$StaticRequestMappingHandlerMapping : Mapped "{[/],methods=[POST]}" onto public ch.malbera.account.domain.Account ch.malbera.account.controller.AccountController.createNewAccount(ch.malbera.account.domain.User)
2018-02-12 23:53:12.837  INFO 2034 --- [    Test worker] s.w.s.m.m.a.RequestMappingHandlerAdapter : Looking for @ControllerAdvice: org.springframework.test.web.servlet.setup.StubWebApplicationContext@65be2b87
2018-02-12 23:53:12.840  INFO 2034 --- [    Test worker] o.s.mock.web.MockServletContext          : Initializing Spring FrameworkServlet ''
2018-02-12 23:53:12.840  INFO 2034 --- [    Test worker] o.s.t.web.servlet.TestDispatcherServlet  : FrameworkServlet '': initialization started
2018-02-12 23:53:12.840  INFO 2034 --- [    Test worker] o.s.t.web.servlet.TestDispatcherServlet  : FrameworkServlet '': initialization completed in 0 ms
2018-02-12 23:53:12.845  INFO 2034 --- [    Test worker] ilder$StaticRequestMappingHandlerMapping : Mapped "{[/{name}],methods=[GET]}" onto public ch.malbera.account.domain.Account ch.malbera.account.controller.AccountController.getAccountByName(java.lang.String)
2018-02-12 23:53:12.845  INFO 2034 --- [    Test worker] ilder$StaticRequestMappingHandlerMapping : Mapped "{[/current],methods=[GET]}" onto public ch.malbera.account.domain.Account ch.malbera.account.controller.AccountController.getCurrentAccount(java.security.Principal)
2018-02-12 23:53:12.845  INFO 2034 --- [    Test worker] ilder$StaticRequestMappingHandlerMapping : Mapped "{[/current],methods=[PUT]}" onto public void ch.malbera.account.controller.AccountController.saveCurrentAccount(java.security.Principal,ch.malbera.account.domain.Account)
2018-02-12 23:53:12.845  INFO 2034 --- [    Test worker] ilder$StaticRequestMappingHandlerMapping : Mapped "{[/],methods=[POST]}" onto public ch.malbera.account.domain.Account ch.malbera.account.controller.AccountController.createNewAccount(ch.malbera.account.domain.User)
2018-02-12 23:53:12.855  INFO 2034 --- [    Test worker] s.w.s.m.m.a.RequestMappingHandlerAdapter : Looking for @ControllerAdvice: org.springframework.test.web.servlet.setup.StubWebApplicationContext@656e594c
2018-02-12 23:53:12.858  INFO 2034 --- [    Test worker] o.s.mock.web.MockServletContext          : Initializing Spring FrameworkServlet ''
2018-02-12 23:53:12.858  INFO 2034 --- [    Test worker] o.s.t.web.servlet.TestDispatcherServlet  : FrameworkServlet '': initialization started
2018-02-12 23:53:12.858  INFO 2034 --- [    Test worker] o.s.t.web.servlet.TestDispatcherServlet  : FrameworkServlet '': initialization completed in 0 ms
{"username":"test","password":"password"}
2018-02-12 23:53:12.866  INFO 2034 --- [    Test worker] ilder$StaticRequestMappingHandlerMapping : Mapped "{[/{name}],methods=[GET]}" onto public ch.malbera.account.domain.Account ch.malbera.account.controller.AccountController.getAccountByName(java.lang.String)
2018-02-12 23:53:12.866  INFO 2034 --- [    Test worker] ilder$StaticRequestMappingHandlerMapping : Mapped "{[/current],methods=[GET]}" onto public ch.malbera.account.domain.Account ch.malbera.account.controller.AccountController.getCurrentAccount(java.security.Principal)
2018-02-12 23:53:12.866  INFO 2034 --- [    Test worker] ilder$StaticRequestMappingHandlerMapping : Mapped "{[/current],methods=[PUT]}" onto public void ch.malbera.account.controller.AccountController.saveCurrentAccount(java.security.Principal,ch.malbera.account.domain.Account)
2018-02-12 23:53:12.866  INFO 2034 --- [    Test worker] ilder$StaticRequestMappingHandlerMapping : Mapped "{[/],methods=[POST]}" onto public ch.malbera.account.domain.Account ch.malbera.account.controller.AccountController.createNewAccount(ch.malbera.account.domain.User)
2018-02-12 23:53:12.875  INFO 2034 --- [    Test worker] s.w.s.m.m.a.RequestMappingHandlerAdapter : Looking for @ControllerAdvice: org.springframework.test.web.servlet.setup.StubWebApplicationContext@20c71fd7
2018-02-12 23:53:12.878  INFO 2034 --- [    Test worker] o.s.mock.web.MockServletContext          : Initializing Spring FrameworkServlet ''
2018-02-12 23:53:12.878  INFO 2034 --- [    Test worker] o.s.t.web.servlet.TestDispatcherServlet  : FrameworkServlet '': initialization started
2018-02-12 23:53:12.878  INFO 2034 --- [    Test worker] o.s.t.web.servlet.TestDispatcherServlet  : FrameworkServlet '': initialization completed in 0 ms
2018-02-12 23:53:12.928  INFO 2034 --- [    Test worker] ilder$StaticRequestMappingHandlerMapping : Mapped "{[/{name}],methods=[GET]}" onto public ch.malbera.account.domain.Account ch.malbera.account.controller.AccountController.getAccountByName(java.lang.String)
2018-02-12 23:53:12.928  INFO 2034 --- [    Test worker] ilder$StaticRequestMappingHandlerMapping : Mapped "{[/current],methods=[GET]}" onto public ch.malbera.account.domain.Account ch.malbera.account.controller.AccountController.getCurrentAccount(java.security.Principal)
2018-02-12 23:53:12.928  INFO 2034 --- [    Test worker] ilder$StaticRequestMappingHandlerMapping : Mapped "{[/current],methods=[PUT]}" onto public void ch.malbera.account.controller.AccountController.saveCurrentAccount(java.security.Principal,ch.malbera.account.domain.Account)
2018-02-12 23:53:12.928  INFO 2034 --- [    Test worker] ilder$StaticRequestMappingHandlerMapping : Mapped "{[/],methods=[POST]}" onto public ch.malbera.account.domain.Account ch.malbera.account.controller.AccountController.createNewAccount(ch.malbera.account.domain.User)
2018-02-12 23:53:12.937  INFO 2034 --- [    Test worker] s.w.s.m.m.a.RequestMappingHandlerAdapter : Looking for @ControllerAdvice: org.springframework.test.web.servlet.setup.StubWebApplicationContext@452ae9b1
2018-02-12 23:53:12.940  INFO 2034 --- [    Test worker] o.s.mock.web.MockServletContext          : Initializing Spring FrameworkServlet ''
2018-02-12 23:53:12.940  INFO 2034 --- [    Test worker] o.s.t.web.servlet.TestDispatcherServlet  : FrameworkServlet '': initialization started
2018-02-12 23:53:12.940  INFO 2034 --- [    Test worker] o.s.t.web.servlet.TestDispatcherServlet  : FrameworkServlet '': initialization completed in 0 ms
]]></system-out>
  <system-err><![CDATA[]]></system-err>
</testsuite>
