<?xml version="1.0" encoding="UTF-8"?>
<testsuite name="ch.malbera.account.service.AccountServiceTest" tests="5" skipped="0" failures="0" errors="0" timestamp="2018-02-12T22:53:12" hostname="malbera" time="0.024">
  <properties/>
  <testcase name="shouldFindByName" classname="ch.malbera.account.service.AccountServiceTest" time="0.013"/>
  <testcase name="shouldSaveChangesWhenUpdatedAccountGiven" classname="ch.malbera.account.service.AccountServiceTest" time="0.006"/>
  <testcase name="shouldFailWhenNoAccountsExistedWithGivenName" classname="ch.malbera.account.service.AccountServiceTest" time="0.002"/>
  <testcase name="shouldCreateAccountWithGivenUser" classname="ch.malbera.account.service.AccountServiceTest" time="0.001"/>
  <testcase name="shouldFailWhenNameIsEmpty" classname="ch.malbera.account.service.AccountServiceTest" time="0.0"/>
  <system-out><![CDATA[2018-02-12 23:53:12.973  INFO 2034 --- [    Test worker] c.m.account.service.AccountServiceImpl   : new account has been created: test
]]></system-out>
  <system-err><![CDATA[]]></system-err>
</testsuite>
