<?xml version="1.0" encoding="UTF-8"?>
<testsuite name="ch.malbera.account.repository.AccountRepositoryTest" tests="1" skipped="0" failures="0" errors="0" timestamp="2018-02-12T22:53:15" hostname="malbera" time="0.184">
  <properties/>
  <testcase name="shouldFindAccountByName" classname="ch.malbera.account.repository.AccountRepositoryTest" time="0.184"/>
  <system-out><![CDATA[2018-02-12 23:53:12.977  INFO 2034 --- [    Test worker] o.s.t.c.support.AbstractContextLoader    : Could not detect default resource locations for test class [ch.malbera.account.repository.AccountRepositoryTest]: no resource found for suffixes {-context.xml, Context.groovy}.
2018-02-12 23:53:12.980  INFO 2034 --- [    Test worker] o.s.t.c.s.DefaultTestContextBootstrapper : Loaded default TestExecutionListener class names from location [META-INF/spring.factories]: [org.springframework.test.context.web.ServletTestExecutionListener, org.springframework.test.context.support.DirtiesContextBeforeModesTestExecutionListener, org.springframework.test.context.support.DependencyInjectionTestExecutionListener, org.springframework.test.context.support.DirtiesContextTestExecutionListener, org.springframework.test.context.transaction.TransactionalTestExecutionListener, org.springframework.test.context.jdbc.SqlScriptsTestExecutionListener]
2018-02-12 23:53:12.980  INFO 2034 --- [    Test worker] o.s.t.c.s.DefaultTestContextBootstrapper : Using TestExecutionListeners: [org.springframework.test.context.web.ServletTestExecutionListener@4db96066, org.springframework.test.context.support.DirtiesContextBeforeModesTestExecutionListener@48576071, org.springframework.test.context.support.DependencyInjectionTestExecutionListener@7832e1f6, org.springframework.test.context.support.DirtiesContextTestExecutionListener@5c859e6f, org.springframework.test.context.transaction.TransactionalTestExecutionListener@5a397fc9, org.springframework.test.context.jdbc.SqlScriptsTestExecutionListener@291ec817]
2018-02-12 23:53:13.040  INFO 2034 --- [    Test worker] s.c.a.AnnotationConfigApplicationContext : Refreshing org.springframework.context.annotation.AnnotationConfigApplicationContext@47a79a60: startup date [Mon Feb 12 23:53:13 CET 2018]; root of context hierarchy
2018-02-12 23:53:13.053  INFO 2034 --- [    Test worker] f.a.AutowiredAnnotationBeanPostProcessor : JSR-330 'javax.inject.Inject' annotation found and supported for autowiring
2018-02-12 23:53:13.057  INFO 2034 --- [    Test worker] trationDelegate$BeanPostProcessorChecker : Bean 'configurationPropertiesRebinderAutoConfiguration' of type [class org.springframework.cloud.autoconfigure.ConfigurationPropertiesRebinderAutoConfiguration$$EnhancerBySpringCGLIB$$1bbbb559] is not eligible for getting processed by all BeanPostProcessors (for example: not eligible for auto-proxying)

  .   ____          _            __ _ _
 /\\ / ___'_ __ _ _(_)_ __  __ _ \ \ \ \
( ( )\___ | '_ | '_| | '_ \/ _` | \ \ \ \
 \\/  ___)| |_)| | | | | || (_| |  ) ) ) )
  '  |____| .__|_| |_|_| |_\__, | / / / /
 =========|_|==============|___/=/_/_/_/
 :: Spring Boot ::        (v1.3.5.RELEASE)

2018-02-12 23:53:13.149  INFO 2034 --- [    Test worker] c.c.c.ConfigServicePropertySourceLocator : Fetching config from server at: http://localhost:8888
2018-02-12 23:53:13.153  WARN 2034 --- [    Test worker] c.c.c.ConfigServicePropertySourceLocator : Could not locate PropertySource: I/O error on GET request for "http://localhost:8888/application/default": Connection refused (Connection refused); nested exception is java.net.ConnectException: Connection refused (Connection refused)
2018-02-12 23:53:13.154  INFO 2034 --- [    Test worker] c.m.a.repository.AccountRepositoryTest   : No active profile set, falling back to default profiles: default
2018-02-12 23:53:13.156  INFO 2034 --- [    Test worker] s.c.a.AnnotationConfigApplicationContext : Refreshing org.springframework.context.annotation.AnnotationConfigApplicationContext@6b9366ee: startup date [Mon Feb 12 23:53:13 CET 2018]; parent: org.springframework.context.annotation.AnnotationConfigApplicationContext@47a79a60
2018-02-12 23:53:13.594  INFO 2034 --- [    Test worker] o.s.i.config.IntegrationRegistrar        : No bean named 'integrationHeaderChannelRegistry' has been explicitly defined. Therefore, a default DefaultHeaderChannelRegistry will be created.
2018-02-12 23:53:13.672  WARN 2034 --- [    Test worker] o.s.c.a.ConfigurationClassPostProcessor  : Cannot enhance @Configuration bean definition 'refreshScope' since its singleton instance has been created too early. The typical cause is a non-static @Bean method with a BeanDefinitionRegistryPostProcessor return type: Consider declaring such methods as 'static'.
2018-02-12 23:53:13.675  INFO 2034 --- [    Test worker] o.s.cloud.context.scope.GenericScope     : BeanFactory id=881c6010-8463-31f5-a9da-284729d025e5
2018-02-12 23:53:13.681  INFO 2034 --- [    Test worker] faultConfiguringBeanFactoryPostProcessor : No bean named 'errorChannel' has been explicitly defined. Therefore, a default PublishSubscribeChannel will be created.
2018-02-12 23:53:13.681  INFO 2034 --- [    Test worker] faultConfiguringBeanFactoryPostProcessor : No bean named 'taskScheduler' has been explicitly defined. Therefore, a default ThreadPoolTaskScheduler will be created.
2018-02-12 23:53:13.683  INFO 2034 --- [    Test worker] f.a.AutowiredAnnotationBeanPostProcessor : JSR-330 'javax.inject.Inject' annotation found and supported for autowiring
2018-02-12 23:53:13.690  INFO 2034 --- [    Test worker] trationDelegate$BeanPostProcessorChecker : Bean 'org.springframework.amqp.rabbit.annotation.RabbitBootstrapConfiguration' of type [class org.springframework.amqp.rabbit.annotation.RabbitBootstrapConfiguration$$EnhancerBySpringCGLIB$$c60d708a] is not eligible for getting processed by all BeanPostProcessors (for example: not eligible for auto-proxying)
2018-02-12 23:53:13.698  INFO 2034 --- [    Test worker] trationDelegate$BeanPostProcessorChecker : Bean 'org.springframework.cloud.netflix.metrics.MetricsInterceptorConfiguration$MetricsRestTemplateConfiguration' of type [class org.springframework.cloud.netflix.metrics.MetricsInterceptorConfiguration$MetricsRestTemplateConfiguration$$EnhancerBySpringCGLIB$$31ce589d] is not eligible for getting processed by all BeanPostProcessors (for example: not eligible for auto-proxying)
2018-02-12 23:53:13.704  INFO 2034 --- [    Test worker] trationDelegate$BeanPostProcessorChecker : Bean 'ch.malbera.account.client.AuthServiceClient' of type [class org.springframework.cloud.netflix.feign.FeignClientFactoryBean] is not eligible for getting processed by all BeanPostProcessors (for example: not eligible for auto-proxying)
2018-02-12 23:53:13.704  INFO 2034 --- [    Test worker] trationDelegate$BeanPostProcessorChecker : Bean 'ch.malbera.account.client.StatisticsServiceClient' of type [class org.springframework.cloud.netflix.feign.FeignClientFactoryBean] is not eligible for getting processed by all BeanPostProcessors (for example: not eligible for auto-proxying)
2018-02-12 23:53:13.709  INFO 2034 --- [    Test worker] trationDelegate$BeanPostProcessorChecker : Bean 'org.springframework.security.config.annotation.configuration.ObjectPostProcessorConfiguration' of type [class org.springframework.security.config.annotation.configuration.ObjectPostProcessorConfiguration$$EnhancerBySpringCGLIB$$984f7a96] is not eligible for getting processed by all BeanPostProcessors (for example: not eligible for auto-proxying)
2018-02-12 23:53:13.712  INFO 2034 --- [    Test worker] trationDelegate$BeanPostProcessorChecker : Bean 'objectPostProcessor' of type [class org.springframework.security.config.annotation.configuration.AutowireBeanFactoryObjectPostProcessor] is not eligible for getting processed by all BeanPostProcessors (for example: not eligible for auto-proxying)
2018-02-12 23:53:13.714  INFO 2034 --- [    Test worker] trationDelegate$BeanPostProcessorChecker : Bean 'org.springframework.security.access.expression.method.DefaultMethodSecurityExpressionHandler@7fcdb4b2' of type [class org.springframework.security.oauth2.provider.expression.OAuth2MethodSecurityExpressionHandler] is not eligible for getting processed by all BeanPostProcessors (for example: not eligible for auto-proxying)
2018-02-12 23:53:13.720  INFO 2034 --- [    Test worker] trationDelegate$BeanPostProcessorChecker : Bean 'org.springframework.security.config.annotation.method.configuration.GlobalMethodSecurityConfiguration' of type [class org.springframework.security.config.annotation.method.configuration.GlobalMethodSecurityConfiguration$$EnhancerBySpringCGLIB$$bd241d48] is not eligible for getting processed by all BeanPostProcessors (for example: not eligible for auto-proxying)
2018-02-12 23:53:13.722  INFO 2034 --- [    Test worker] trationDelegate$BeanPostProcessorChecker : Bean 'methodSecurityMetadataSource' of type [class org.springframework.security.access.method.DelegatingMethodSecurityMetadataSource] is not eligible for getting processed by all BeanPostProcessors (for example: not eligible for auto-proxying)
2018-02-12 23:53:13.728  INFO 2034 --- [    Test worker] trationDelegate$BeanPostProcessorChecker : Bean 'org.springframework.cloud.autoconfigure.ConfigurationPropertiesRebinderAutoConfiguration' of type [class org.springframework.cloud.autoconfigure.ConfigurationPropertiesRebinderAutoConfiguration$$EnhancerBySpringCGLIB$$1bbbb559] is not eligible for getting processed by all BeanPostProcessors (for example: not eligible for auto-proxying)
2018-02-12 23:53:13.732  INFO 2034 --- [    Test worker] trationDelegate$BeanPostProcessorChecker : Bean 'org.springframework.cloud.autoconfigure.RefreshEndpointAutoConfiguration' of type [class org.springframework.cloud.autoconfigure.RefreshEndpointAutoConfiguration$$EnhancerBySpringCGLIB$$c51ab74f] is not eligible for getting processed by all BeanPostProcessors (for example: not eligible for auto-proxying)
2018-02-12 23:53:13.737  INFO 2034 --- [    Test worker] trationDelegate$BeanPostProcessorChecker : Bean 'org.springframework.cloud.stream.config.ChannelBindingServiceConfiguration$PostProcessorConfiguration' of type [class org.springframework.cloud.stream.config.ChannelBindingServiceConfiguration$PostProcessorConfiguration$$EnhancerBySpringCGLIB$$f76c4ae8] is not eligible for getting processed by all BeanPostProcessors (for example: not eligible for auto-proxying)
2018-02-12 23:53:13.791  INFO 2034 --- [    Test worker] s.c.a.AnnotationConfigApplicationContext : Refreshing org.springframework.context.annotation.AnnotationConfigApplicationContext@7af1351: startup date [Mon Feb 12 23:53:13 CET 2018]; parent: org.springframework.context.annotation.AnnotationConfigApplicationContext@6b9366ee
2018-02-12 23:53:13.798  INFO 2034 --- [    Test worker] f.a.AutowiredAnnotationBeanPostProcessor : JSR-330 'javax.inject.Inject' annotation found and supported for autowiring
2018-02-12 23:53:13.972  INFO 2034 --- [    Test worker] s.c.a.AnnotationConfigApplicationContext : Refreshing org.springframework.context.annotation.AnnotationConfigApplicationContext@7d4a0f1a: startup date [Mon Feb 12 23:53:13 CET 2018]; parent: org.springframework.context.annotation.AnnotationConfigApplicationContext@6b9366ee
2018-02-12 23:53:13.978  INFO 2034 --- [    Test worker] f.a.AutowiredAnnotationBeanPostProcessor : JSR-330 'javax.inject.Inject' annotation found and supported for autowiring
2018-02-12 23:53:14.087  INFO 2034 --- [      Thread-13] o.s.b.a.mongo.embedded.EmbeddedMongo     : note: noprealloc may hurt performance in many applications
2018-02-12 23:53:14.089  INFO 2034 --- [      Thread-13] o.s.b.a.mongo.embedded.EmbeddedMongo     : 2018-02-12T23:53:14.089+0100 [DataFileSync] warning: --syncdelay 0 is not recommended and can have strange performance
2018-02-12 23:53:14.089  INFO 2034 --- [      Thread-13] o.s.b.a.mongo.embedded.EmbeddedMongo     : 2018-02-12T23:53:14.089+0100 [initandlisten] MongoDB starting : pid=2102 port=53727 dbpath=/tmp/embedmongo-db-9652595f-d421-4b79-88ad-540faca82639 64-bit host=malbera
2018-02-12 23:53:14.089  INFO 2034 --- [      Thread-13] o.s.b.a.mongo.embedded.EmbeddedMongo     : 2018-02-12T23:53:14.089+0100 [initandlisten] db version v2.6.10
2018-02-12 23:53:14.089  INFO 2034 --- [      Thread-13] o.s.b.a.mongo.embedded.EmbeddedMongo     : 2018-02-12T23:53:14.089+0100 [initandlisten] git version: 5901dbfb49d16eaef6f2c2c50fba534d23ac7f6c
2018-02-12 23:53:14.089  INFO 2034 --- [      Thread-13] o.s.b.a.mongo.embedded.EmbeddedMongo     : 2018-02-12T23:53:14.089+0100 [initandlisten] build info: Linux build18.nj1.10gen.cc 2.6.32-431.3.1.el6.x86_64 #1 SMP Fri Jan 3 21:39:27 UTC 2014 x86_64 BOOST_LIB_VERSION=1_49
2018-02-12 23:53:14.089  INFO 2034 --- [      Thread-13] o.s.b.a.mongo.embedded.EmbeddedMongo     : 2018-02-12T23:53:14.089+0100 [initandlisten] allocator: tcmalloc
2018-02-12 23:53:14.089  INFO 2034 --- [      Thread-13] o.s.b.a.mongo.embedded.EmbeddedMongo     : 2018-02-12T23:53:14.089+0100 [initandlisten] options: { net: { bindIp: "127.0.0.1", http: { enabled: false }, port: 53727 }, security: { authorization: "disabled" }, storage: { dbPath: "/tmp/embedmongo-db-9652595f-d421-4b79-88ad-540faca82639", journal: { enabled: false }, preallocDataFiles: false, smallFiles: true, syncPeriodSecs: 0.0 } }
2018-02-12 23:53:14.092  INFO 2034 --- [      Thread-13] o.s.b.a.mongo.embedded.EmbeddedMongo     : 2018-02-12T23:53:14.092+0100 [initandlisten] allocating new ns file /tmp/embedmongo-db-9652595f-d421-4b79-88ad-540faca82639/local.ns, filling with zeroes...
2018-02-12 23:53:14.146  INFO 2034 --- [      Thread-13] o.s.b.a.mongo.embedded.EmbeddedMongo     : 2018-02-12T23:53:14.146+0100 [FileAllocator] allocating new datafile /tmp/embedmongo-db-9652595f-d421-4b79-88ad-540faca82639/local.0, filling with zeroes...
2018-02-12 23:53:14.147  INFO 2034 --- [      Thread-13] o.s.b.a.mongo.embedded.EmbeddedMongo     : 2018-02-12T23:53:14.146+0100 [FileAllocator] creating directory /tmp/embedmongo-db-9652595f-d421-4b79-88ad-540faca82639/_tmp
2018-02-12 23:53:14.147  INFO 2034 --- [      Thread-13] o.s.b.a.mongo.embedded.EmbeddedMongo     : 2018-02-12T23:53:14.147+0100 [FileAllocator] done allocating datafile /tmp/embedmongo-db-9652595f-d421-4b79-88ad-540faca82639/local.0, size: 16MB,  took 0 secs
2018-02-12 23:53:14.148  INFO 2034 --- [      Thread-13] o.s.b.a.mongo.embedded.EmbeddedMongo     : 2018-02-12T23:53:14.148+0100 [initandlisten] build index on: local.startup_log properties: { v: 1, key: { _id: 1 }, name: "_id_", ns: "local.startup_log" }
2018-02-12 23:53:14.148  INFO 2034 --- [      Thread-13] o.s.b.a.mongo.embedded.EmbeddedMongo     : 2018-02-12T23:53:14.148+0100 [initandlisten] 	 added index to empty collection
2018-02-12 23:53:14.148  INFO 2034 --- [      Thread-13] o.s.b.a.mongo.embedded.EmbeddedMongo     : 2018-02-12T23:53:14.148+0100 [initandlisten] waiting for connections on port 53727
2018-02-12 23:53:14.148  INFO 2034 --- [    Test worker] d.f.embed.process.runtime.Executable     : start de.flapdoodle.embed.mongo.config.MongodConfigBuilder$ImmutableMongodConfig@799c8e25
2018-02-12 23:53:14.154  INFO 2034 --- [      Thread-13] o.s.b.a.mongo.embedded.EmbeddedMongo     : 2018-02-12T23:53:14.154+0100 [initandlisten] connection accepted from 127.0.0.1:42470 #1 (1 connection now open)
2018-02-12 23:53:14.254  INFO 2034 --- [    Test worker] b.a.s.AuthenticationManagerConfiguration : 

Using default security password: 91c596d8-5881-4129-8968-ff96acee9cd7

2018-02-12 23:53:14.476  INFO 2034 --- [    Test worker] o.s.b.f.config.PropertiesFactoryBean     : Loading properties file from URL [jar:file:/home/malbera/.m2/repository/org/springframework/integration/spring-integration-core/4.2.5.RELEASE/spring-integration-core-4.2.5.RELEASE.jar!/META-INF/spring.integration.default.properties]
2018-02-12 23:53:14.491  INFO 2034 --- [    Test worker] o.s.s.c.ThreadPoolTaskScheduler          : Initializing ExecutorService  'taskScheduler'
2018-02-12 23:53:14.772  INFO 2034 --- [    Test worker] o.s.integration.channel.DirectChannel    : Channel 'application:-1.springCloudBusInput' has 1 subscriber(s).
2018-02-12 23:53:14.796  WARN 2034 --- [    Test worker] o.s.c.n.a.ArchaiusAutoConfiguration      : Netflix ConfigurationManager has already been installed, unable to re-install
2018-02-12 23:53:14.830  INFO 2034 --- [    Test worker] o.s.i.codec.kryo.CompositeKryoRegistrar  : configured Kryo registration [40, java.io.File] with serializer org.springframework.integration.codec.kryo.FileSerializer
2018-02-12 23:53:14.990  INFO 2034 --- [    Test worker] o.s.c.support.DefaultLifecycleProcessor  : Starting beans in phase -2147482648
2018-02-12 23:53:15.036  INFO 2034 --- [    Test worker] s.c.a.AnnotationConfigApplicationContext : Refreshing org.springframework.context.annotation.AnnotationConfigApplicationContext@5ca3ac4a: startup date [Mon Feb 12 23:53:15 CET 2018]; root of context hierarchy
2018-02-12 23:53:15.044  INFO 2034 --- [    Test worker] f.a.AutowiredAnnotationBeanPostProcessor : JSR-330 'javax.inject.Inject' annotation found and supported for autowiring
2018-02-12 23:53:15.047  INFO 2034 --- [    Test worker] trationDelegate$BeanPostProcessorChecker : Bean 'configurationPropertiesRebinderAutoConfiguration' of type [class org.springframework.cloud.autoconfigure.ConfigurationPropertiesRebinderAutoConfiguration$$EnhancerBySpringCGLIB$$1bbbb559] is not eligible for getting processed by all BeanPostProcessors (for example: not eligible for auto-proxying)
2018-02-12 23:53:15.104  INFO 2034 --- [    Test worker] c.c.c.ConfigServicePropertySourceLocator : Fetching config from server at: http://localhost:8888
2018-02-12 23:53:15.106  WARN 2034 --- [    Test worker] c.c.c.ConfigServicePropertySourceLocator : Could not locate PropertySource: I/O error on GET request for "http://localhost:8888/application/default": Connection refused (Connection refused); nested exception is java.net.ConnectException: Connection refused (Connection refused)
2018-02-12 23:53:15.107  INFO 2034 --- [    Test worker] o.s.boot.SpringApplication               : No active profile set, falling back to default profiles: default
2018-02-12 23:53:15.108  INFO 2034 --- [    Test worker] s.c.a.AnnotationConfigApplicationContext : Refreshing org.springframework.context.annotation.AnnotationConfigApplicationContext@22b3e389: startup date [Mon Feb 12 23:53:15 CET 2018]; parent: org.springframework.context.annotation.AnnotationConfigApplicationContext@6b9366ee
2018-02-12 23:53:15.119  INFO 2034 --- [    Test worker] f.a.AutowiredAnnotationBeanPostProcessor : JSR-330 'javax.inject.Inject' annotation found and supported for autowiring
2018-02-12 23:53:15.146  INFO 2034 --- [    Test worker] o.s.c.support.GenericApplicationContext  : Refreshing org.springframework.context.support.GenericApplicationContext@2dfda39c: startup date [Mon Feb 12 23:53:15 CET 2018]; root of context hierarchy
2018-02-12 23:53:15.157  INFO 2034 --- [    Test worker] o.s.boot.SpringApplication               : Started application in 0.158 seconds (JVM running for 10.844)
2018-02-12 23:53:15.164  INFO 2034 --- [    Test worker] o.s.i.endpoint.EventDrivenConsumer       : Adding {message-handler:outbound.springCloudBus} as a subscriber to the 'springCloudBusOutput' channel
2018-02-12 23:53:15.164  INFO 2034 --- [    Test worker] o.s.integration.channel.DirectChannel    : Channel 'application:-1.springCloudBusOutput' has 1 subscriber(s).
2018-02-12 23:53:15.164  INFO 2034 --- [    Test worker] o.s.i.endpoint.EventDrivenConsumer       : started outbound.springCloudBus
2018-02-12 23:53:15.165  INFO 2034 --- [    Test worker] o.s.i.endpoint.EventDrivenConsumer       : Adding {message-handler:outbound.springCloudHystrixStream} as a subscriber to the 'hystrixStreamOutput' channel
2018-02-12 23:53:15.165  INFO 2034 --- [    Test worker] o.s.integration.channel.DirectChannel    : Channel 'application:-1.hystrixStreamOutput' has 1 subscriber(s).
2018-02-12 23:53:15.165  INFO 2034 --- [    Test worker] o.s.i.endpoint.EventDrivenConsumer       : started outbound.springCloudHystrixStream
2018-02-12 23:53:15.166  INFO 2034 --- [    Test worker] o.s.c.support.DefaultLifecycleProcessor  : Starting beans in phase -2147482648
2018-02-12 23:53:15.166  INFO 2034 --- [    Test worker] o.s.c.support.DefaultLifecycleProcessor  : Starting beans in phase 0
2018-02-12 23:53:15.167  INFO 2034 --- [    Test worker] o.s.i.endpoint.EventDrivenConsumer       : Adding {logging-channel-adapter:_org.springframework.integration.errorLogger} as a subscriber to the 'errorChannel' channel
2018-02-12 23:53:15.167  INFO 2034 --- [    Test worker] o.s.i.channel.PublishSubscribeChannel    : Channel 'application:-1.errorChannel' has 1 subscriber(s).
2018-02-12 23:53:15.167  INFO 2034 --- [    Test worker] o.s.i.endpoint.EventDrivenConsumer       : started _org.springframework.integration.errorLogger
2018-02-12 23:53:15.167  INFO 2034 --- [    Test worker] o.s.c.support.DefaultLifecycleProcessor  : Starting beans in phase 2147482647
2018-02-12 23:53:15.172  INFO 2034 --- [    Test worker] o.s.c.s.b.r.RabbitMessageChannelBinder   : declaring queue for inbound: springCloudBus.anonymous.PcpjxsndQV2DtRAeBgIifw, bound to: springCloudBus
2018-02-12 23:53:15.173  INFO 2034 --- [    Test worker] o.s.integration.channel.DirectChannel    : Channel 'springCloudBus.anonymous.PcpjxsndQV2DtRAeBgIifw.bridge' has 1 subscriber(s).
2018-02-12 23:53:15.174  INFO 2034 --- [    Test worker] o.s.i.a.i.AmqpInboundChannelAdapter      : started inbound.springCloudBus.anonymous.PcpjxsndQV2DtRAeBgIifw
2018-02-12 23:53:15.174  INFO 2034 --- [    Test worker] o.s.c.support.DefaultLifecycleProcessor  : Starting beans in phase 2147483647
2018-02-12 23:53:15.175  INFO 2034 --- [    Test worker] o.s.c.support.DefaultLifecycleProcessor  : Starting beans in phase 0
2018-02-12 23:53:15.175  INFO 2034 --- [    Test worker] o.s.c.support.DefaultLifecycleProcessor  : Starting beans in phase 2147482647
2018-02-12 23:53:15.175  INFO 2034 --- [    Test worker] o.s.c.support.DefaultLifecycleProcessor  : Starting beans in phase 2147483647
2018-02-12 23:53:15.186  INFO 2034 --- [    Test worker] c.m.a.repository.AccountRepositoryTest   : Started AccountRepositoryTest in 2.2 seconds (JVM running for 10.873)
2018-02-12 23:53:15.264  INFO 2034 --- [      Thread-13] o.s.b.a.mongo.embedded.EmbeddedMongo     : 2018-02-12T23:53:15.264+0100 [initandlisten] connection accepted from 127.0.0.1:42484 #2 (2 connections now open)
2018-02-12 23:53:15.279  INFO 2034 --- [      Thread-13] o.s.b.a.mongo.embedded.EmbeddedMongo     : 2018-02-12T23:53:15.279+0100 [conn2] allocating new ns file /tmp/embedmongo-db-9652595f-d421-4b79-88ad-540faca82639/piggymetrics.ns, filling with zeroes...
2018-02-12 23:53:15.343  INFO 2034 --- [      Thread-13] o.s.b.a.mongo.embedded.EmbeddedMongo     : 2018-02-12T23:53:15.343+0100 [FileAllocator] allocating new datafile /tmp/embedmongo-db-9652595f-d421-4b79-88ad-540faca82639/piggymetrics.0, filling with zeroes...
2018-02-12 23:53:15.346  INFO 2034 --- [      Thread-13] o.s.b.a.mongo.embedded.EmbeddedMongo     : 2018-02-12T23:53:15.345+0100 [FileAllocator] done allocating datafile /tmp/embedmongo-db-9652595f-d421-4b79-88ad-540faca82639/piggymetrics.0, size: 16MB,  took 0 secs
2018-02-12 23:53:15.347  INFO 2034 --- [      Thread-13] o.s.b.a.mongo.embedded.EmbeddedMongo     : 2018-02-12T23:53:15.347+0100 [conn2] build index on: piggymetrics.accounts properties: { v: 1, key: { _id: 1 }, name: "_id_", ns: "piggymetrics.accounts" }
2018-02-12 23:53:15.348  INFO 2034 --- [      Thread-13] o.s.b.a.mongo.embedded.EmbeddedMongo     : 2018-02-12T23:53:15.348+0100 [conn2] 	 added index to empty collection
]]></system-out>
  <system-err><![CDATA[]]></system-err>
</testsuite>
