<?xml version="1.0" encoding="UTF-8"?>
<testsuite name="ch.malbera.notification.NotificationServiceApplicationTests" tests="1" skipped="0" failures="0" errors="0" timestamp="2018-02-12T22:53:42" hostname="malbera" time="0.003">
  <properties/>
  <testcase name="contextLoads" classname="ch.malbera.notification.NotificationServiceApplicationTests" time="0.003"/>
  <system-out><![CDATA[23:53:35.402 [Test worker] DEBUG org.springframework.test.context.junit4.SpringJUnit4ClassRunner - SpringJUnit4ClassRunner constructor called with [class ch.malbera.notification.NotificationServiceApplicationTests]
23:53:35.406 [Test worker] DEBUG org.springframework.test.context.BootstrapUtils - Instantiating CacheAwareContextLoaderDelegate from class [org.springframework.test.context.cache.DefaultCacheAwareContextLoaderDelegate]
23:53:35.410 [Test worker] DEBUG org.springframework.test.context.BootstrapUtils - Instantiating BootstrapContext using constructor [public org.springframework.test.context.support.DefaultBootstrapContext(java.lang.Class,org.springframework.test.context.CacheAwareContextLoaderDelegate)]
23:53:35.419 [Test worker] DEBUG org.springframework.test.context.BootstrapUtils - Instantiating TestContextBootstrapper for test class [ch.malbera.notification.NotificationServiceApplicationTests] from class [org.springframework.test.context.web.WebTestContextBootstrapper]
23:53:35.437 [Test worker] DEBUG org.springframework.test.context.web.WebTestContextBootstrapper - Found explicit ContextLoader class [org.springframework.boot.test.SpringApplicationContextLoader] for context configuration attributes [ContextConfigurationAttributes@2d582a7f declaringClass = 'ch.malbera.notification.NotificationServiceApplicationTests', classes = '{class ch.malbera.notification.NotificationServiceApplication}', locations = '{}', inheritLocations = true, initializers = '{}', inheritInitializers = true, name = [null], contextLoaderClass = 'org.springframework.boot.test.SpringApplicationContextLoader']
23:53:35.444 [Test worker] DEBUG org.springframework.test.context.support.AbstractContextLoader - Did not detect default resource location for test class [ch.malbera.notification.NotificationServiceApplicationTests]: class path resource [ch/malbera/notification/NotificationServiceApplicationTests-context.xml] does not exist
23:53:35.444 [Test worker] DEBUG org.springframework.test.context.support.AbstractContextLoader - Did not detect default resource location for test class [ch.malbera.notification.NotificationServiceApplicationTests]: class path resource [ch/malbera/notification/NotificationServiceApplicationTestsContext.groovy] does not exist
23:53:35.444 [Test worker] INFO org.springframework.test.context.support.AbstractContextLoader - Could not detect default resource locations for test class [ch.malbera.notification.NotificationServiceApplicationTests]: no resource found for suffixes {-context.xml, Context.groovy}.
23:53:35.446 [Test worker] DEBUG org.springframework.test.context.support.ActiveProfilesUtils - Could not find an 'annotation declaring class' for annotation type [org.springframework.test.context.ActiveProfiles] and class [ch.malbera.notification.NotificationServiceApplicationTests]
23:53:35.449 [Test worker] DEBUG org.springframework.test.context.web.WebTestContextBootstrapper - @TestExecutionListeners is not present for class [ch.malbera.notification.NotificationServiceApplicationTests]: using defaults.
23:53:35.466 [Test worker] INFO org.springframework.test.context.web.WebTestContextBootstrapper - Loaded default TestExecutionListener class names from location [META-INF/spring.factories]: [org.springframework.test.context.web.ServletTestExecutionListener, org.springframework.test.context.support.DirtiesContextBeforeModesTestExecutionListener, org.springframework.test.context.support.DependencyInjectionTestExecutionListener, org.springframework.test.context.support.DirtiesContextTestExecutionListener, org.springframework.test.context.transaction.TransactionalTestExecutionListener, org.springframework.test.context.jdbc.SqlScriptsTestExecutionListener]
23:53:35.489 [Test worker] INFO org.springframework.test.context.web.WebTestContextBootstrapper - Using TestExecutionListeners: [org.springframework.test.context.web.ServletTestExecutionListener@21cfbd74, org.springframework.test.context.support.DirtiesContextBeforeModesTestExecutionListener@10c193c, org.springframework.test.context.support.DependencyInjectionTestExecutionListener@b3b83bc, org.springframework.test.context.support.DirtiesContextTestExecutionListener@224133f9, org.springframework.test.context.transaction.TransactionalTestExecutionListener@7e391ed8, org.springframework.test.context.jdbc.SqlScriptsTestExecutionListener@1f1d3dda]
23:53:35.492 [Test worker] DEBUG org.springframework.test.annotation.ProfileValueUtils - Retrieved @ProfileValueSourceConfiguration [null] for test class [ch.malbera.notification.NotificationServiceApplicationTests]
23:53:35.493 [Test worker] DEBUG org.springframework.test.annotation.ProfileValueUtils - Retrieved ProfileValueSource type [class org.springframework.test.annotation.SystemProfileValueSource] for class [ch.malbera.notification.NotificationServiceApplicationTests]
23:53:35.494 [Test worker] DEBUG org.springframework.test.annotation.ProfileValueUtils - Retrieved @ProfileValueSourceConfiguration [null] for test class [ch.malbera.notification.NotificationServiceApplicationTests]
23:53:35.494 [Test worker] DEBUG org.springframework.test.annotation.ProfileValueUtils - Retrieved ProfileValueSource type [class org.springframework.test.annotation.SystemProfileValueSource] for class [ch.malbera.notification.NotificationServiceApplicationTests]
23:53:35.498 [Test worker] DEBUG org.springframework.test.context.support.AbstractDirtiesContextTestExecutionListener - Before test class: context [DefaultTestContext@655fbf73 testClass = NotificationServiceApplicationTests, testInstance = [null], testMethod = [null], testException = [null], mergedContextConfiguration = [WebMergedContextConfiguration@9483669 testClass = NotificationServiceApplicationTests, locations = '{}', classes = '{class ch.malbera.notification.NotificationServiceApplication}', contextInitializerClasses = '[]', activeProfiles = '{}', propertySourceLocations = '{}', propertySourceProperties = '{}', resourceBasePath = 'src/main/webapp', contextLoader = 'org.springframework.boot.test.SpringApplicationContextLoader', parent = [null]]], class annotated with @DirtiesContext [false] with mode [null].
23:53:35.500 [Test worker] DEBUG org.springframework.test.annotation.ProfileValueUtils - Retrieved @ProfileValueSourceConfiguration [null] for test class [ch.malbera.notification.NotificationServiceApplicationTests]
23:53:35.501 [Test worker] DEBUG org.springframework.test.annotation.ProfileValueUtils - Retrieved ProfileValueSource type [class org.springframework.test.annotation.SystemProfileValueSource] for class [ch.malbera.notification.NotificationServiceApplicationTests]
23:53:35.588 [Test worker] DEBUG org.springframework.core.env.StandardEnvironment - Adding [systemProperties] PropertySource with lowest search precedence
23:53:35.590 [Test worker] DEBUG org.springframework.core.env.StandardEnvironment - Adding [systemEnvironment] PropertySource with lowest search precedence
23:53:35.590 [Test worker] DEBUG org.springframework.core.env.StandardEnvironment - Initialized StandardEnvironment with PropertySources [systemProperties,systemEnvironment]
23:53:35.592 [Test worker] DEBUG org.springframework.core.env.StandardEnvironment - Adding [integrationTest] PropertySource with search precedence immediately lower than [systemEnvironment]
2018-02-12 23:53:35.989  INFO 2377 --- [    Test worker] s.c.a.AnnotationConfigApplicationContext : Refreshing org.springframework.context.annotation.AnnotationConfigApplicationContext@59d66698: startup date [Mon Feb 12 23:53:35 CET 2018]; root of context hierarchy
2018-02-12 23:53:36.216  INFO 2377 --- [    Test worker] f.a.AutowiredAnnotationBeanPostProcessor : JSR-330 'javax.inject.Inject' annotation found and supported for autowiring
2018-02-12 23:53:36.240  INFO 2377 --- [    Test worker] trationDelegate$BeanPostProcessorChecker : Bean 'configurationPropertiesRebinderAutoConfiguration' of type [class org.springframework.cloud.autoconfigure.ConfigurationPropertiesRebinderAutoConfiguration$$EnhancerBySpringCGLIB$$a36bd51d] is not eligible for getting processed by all BeanPostProcessors (for example: not eligible for auto-proxying)

  .   ____          _            __ _ _
 /\\ / ___'_ __ _ _(_)_ __  __ _ \ \ \ \
( ( )\___ | '_ | '_| | '_ \/ _` | \ \ \ \
 \\/  ___)| |_)| | | | | || (_| |  ) ) ) )
  '  |____| .__|_| |_|_| |_\__, | / / / /
 =========|_|==============|___/=/_/_/_/
 :: Spring Boot ::        (v1.3.5.RELEASE)

2018-02-12 23:53:36.558  INFO 2377 --- [    Test worker] c.c.c.ConfigServicePropertySourceLocator : Fetching config from server at: http://localhost:8888
2018-02-12 23:53:36.630  WARN 2377 --- [    Test worker] c.c.c.ConfigServicePropertySourceLocator : Could not locate PropertySource: I/O error on GET request for "http://localhost:8888/application/default": Connection refused (Connection refused); nested exception is java.net.ConnectException: Connection refused (Connection refused)
2018-02-12 23:53:36.632  INFO 2377 --- [    Test worker] .m.n.NotificationServiceApplicationTests : No active profile set, falling back to default profiles: default
2018-02-12 23:53:36.650  INFO 2377 --- [    Test worker] o.s.w.c.s.GenericWebApplicationContext   : Refreshing org.springframework.web.context.support.GenericWebApplicationContext@76c7c254: startup date [Mon Feb 12 23:53:36 CET 2018]; parent: org.springframework.context.annotation.AnnotationConfigApplicationContext@59d66698
2018-02-12 23:53:37.674  INFO 2377 --- [    Test worker] o.s.b.f.s.DefaultListableBeanFactory     : Overriding bean definition for bean 'ignoredPathsWebSecurityConfigurerAdapter' with a different definition: replacing [Root bean: class [null]; scope=; abstract=false; lazyInit=false; autowireMode=3; dependencyCheck=0; autowireCandidate=true; primary=false; factoryBeanName=org.springframework.boot.autoconfigure.security.SpringBootWebSecurityConfiguration; factoryMethodName=ignoredPathsWebSecurityConfigurerAdapter; initMethodName=null; destroyMethodName=(inferred); defined in class path resource [org/springframework/boot/autoconfigure/security/SpringBootWebSecurityConfiguration.class]] with [Root bean: class [null]; scope=; abstract=false; lazyInit=false; autowireMode=3; dependencyCheck=0; autowireCandidate=true; primary=false; factoryBeanName=org.springframework.boot.actuate.autoconfigure.ManagementWebSecurityAutoConfiguration; factoryMethodName=ignoredPathsWebSecurityConfigurerAdapter; initMethodName=null; destroyMethodName=(inferred); defined in class path resource [org/springframework/boot/actuate/autoconfigure/ManagementWebSecurityAutoConfiguration.class]]
2018-02-12 23:53:37.722  INFO 2377 --- [    Test worker] o.s.b.f.config.PropertiesFactoryBean     : Loading properties file from URL [jar:file:/home/malbera/.m2/repository/org/springframework/integration/spring-integration-core/4.2.5.RELEASE/spring-integration-core-4.2.5.RELEASE.jar!/META-INF/spring.integration.default.properties]
2018-02-12 23:53:37.725  INFO 2377 --- [    Test worker] o.s.i.config.IntegrationRegistrar        : No bean named 'integrationHeaderChannelRegistry' has been explicitly defined. Therefore, a default DefaultHeaderChannelRegistry will be created.
2018-02-12 23:53:37.952  WARN 2377 --- [    Test worker] o.s.c.a.ConfigurationClassPostProcessor  : Cannot enhance @Configuration bean definition 'refreshScope' since its singleton instance has been created too early. The typical cause is a non-static @Bean method with a BeanDefinitionRegistryPostProcessor return type: Consider declaring such methods as 'static'.
2018-02-12 23:53:38.150  INFO 2377 --- [    Test worker] o.s.cloud.context.scope.GenericScope     : BeanFactory id=6404f61d-3fef-3cad-9b02-d5ec198b7a01
2018-02-12 23:53:38.172  INFO 2377 --- [    Test worker] faultConfiguringBeanFactoryPostProcessor : No bean named 'errorChannel' has been explicitly defined. Therefore, a default PublishSubscribeChannel will be created.
2018-02-12 23:53:38.178  INFO 2377 --- [    Test worker] faultConfiguringBeanFactoryPostProcessor : No bean named 'taskScheduler' has been explicitly defined. Therefore, a default ThreadPoolTaskScheduler will be created.
2018-02-12 23:53:38.195  INFO 2377 --- [    Test worker] f.a.AutowiredAnnotationBeanPostProcessor : JSR-330 'javax.inject.Inject' annotation found and supported for autowiring
2018-02-12 23:53:38.224  INFO 2377 --- [    Test worker] trationDelegate$BeanPostProcessorChecker : Bean 'org.springframework.amqp.rabbit.annotation.RabbitBootstrapConfiguration' of type [class org.springframework.amqp.rabbit.annotation.RabbitBootstrapConfiguration$$EnhancerBySpringCGLIB$$4dbd904e] is not eligible for getting processed by all BeanPostProcessors (for example: not eligible for auto-proxying)
2018-02-12 23:53:38.265  INFO 2377 --- [    Test worker] trationDelegate$BeanPostProcessorChecker : Bean 'ch.malbera.notification.client.AccountServiceClient' of type [class org.springframework.cloud.netflix.feign.FeignClientFactoryBean] is not eligible for getting processed by all BeanPostProcessors (for example: not eligible for auto-proxying)
2018-02-12 23:53:38.278  INFO 2377 --- [    Test worker] trationDelegate$BeanPostProcessorChecker : Bean 'org.springframework.security.config.annotation.configuration.ObjectPostProcessorConfiguration' of type [class org.springframework.security.config.annotation.configuration.ObjectPostProcessorConfiguration$$EnhancerBySpringCGLIB$$1fff9a5a] is not eligible for getting processed by all BeanPostProcessors (for example: not eligible for auto-proxying)
2018-02-12 23:53:38.285  INFO 2377 --- [    Test worker] trationDelegate$BeanPostProcessorChecker : Bean 'objectPostProcessor' of type [class org.springframework.security.config.annotation.configuration.AutowireBeanFactoryObjectPostProcessor] is not eligible for getting processed by all BeanPostProcessors (for example: not eligible for auto-proxying)
2018-02-12 23:53:38.289  INFO 2377 --- [    Test worker] trationDelegate$BeanPostProcessorChecker : Bean 'org.springframework.security.access.expression.method.DefaultMethodSecurityExpressionHandler@cecb6b0' of type [class org.springframework.security.oauth2.provider.expression.OAuth2MethodSecurityExpressionHandler] is not eligible for getting processed by all BeanPostProcessors (for example: not eligible for auto-proxying)
2018-02-12 23:53:38.302  INFO 2377 --- [    Test worker] trationDelegate$BeanPostProcessorChecker : Bean 'org.springframework.security.config.annotation.method.configuration.GlobalMethodSecurityConfiguration' of type [class org.springframework.security.config.annotation.method.configuration.GlobalMethodSecurityConfiguration$$EnhancerBySpringCGLIB$$44d43d0c] is not eligible for getting processed by all BeanPostProcessors (for example: not eligible for auto-proxying)
2018-02-12 23:53:38.314  INFO 2377 --- [    Test worker] trationDelegate$BeanPostProcessorChecker : Bean 'methodSecurityMetadataSource' of type [class org.springframework.security.access.method.DelegatingMethodSecurityMetadataSource] is not eligible for getting processed by all BeanPostProcessors (for example: not eligible for auto-proxying)
2018-02-12 23:53:38.322  INFO 2377 --- [    Test worker] trationDelegate$BeanPostProcessorChecker : Bean 'org.springframework.cloud.netflix.metrics.MetricsInterceptorConfiguration$MetricsRestTemplateConfiguration' of type [class org.springframework.cloud.netflix.metrics.MetricsInterceptorConfiguration$MetricsRestTemplateConfiguration$$EnhancerBySpringCGLIB$$b97e7861] is not eligible for getting processed by all BeanPostProcessors (for example: not eligible for auto-proxying)
2018-02-12 23:53:38.352  INFO 2377 --- [    Test worker] trationDelegate$BeanPostProcessorChecker : Bean 'org.springframework.cloud.autoconfigure.ConfigurationPropertiesRebinderAutoConfiguration' of type [class org.springframework.cloud.autoconfigure.ConfigurationPropertiesRebinderAutoConfiguration$$EnhancerBySpringCGLIB$$a36bd51d] is not eligible for getting processed by all BeanPostProcessors (for example: not eligible for auto-proxying)
2018-02-12 23:53:38.360  INFO 2377 --- [    Test worker] trationDelegate$BeanPostProcessorChecker : Bean 'org.springframework.cloud.autoconfigure.RefreshEndpointAutoConfiguration' of type [class org.springframework.cloud.autoconfigure.RefreshEndpointAutoConfiguration$$EnhancerBySpringCGLIB$$4ccad713] is not eligible for getting processed by all BeanPostProcessors (for example: not eligible for auto-proxying)
2018-02-12 23:53:38.375  INFO 2377 --- [    Test worker] trationDelegate$BeanPostProcessorChecker : Bean 'org.springframework.cloud.stream.config.ChannelBindingServiceConfiguration$PostProcessorConfiguration' of type [class org.springframework.cloud.stream.config.ChannelBindingServiceConfiguration$PostProcessorConfiguration$$EnhancerBySpringCGLIB$$7f1c6aac] is not eligible for getting processed by all BeanPostProcessors (for example: not eligible for auto-proxying)
2018-02-12 23:53:38.604  INFO 2377 --- [       Thread-7] o.s.b.a.mongo.embedded.EmbeddedMongo     : note: noprealloc may hurt performance in many applications
2018-02-12 23:53:38.606  INFO 2377 --- [       Thread-7] o.s.b.a.mongo.embedded.EmbeddedMongo     : 2018-02-12T23:53:38.606+0100 [DataFileSync] warning: --syncdelay 0 is not recommended and can have strange performance
2018-02-12 23:53:38.606  INFO 2377 --- [       Thread-7] o.s.b.a.mongo.embedded.EmbeddedMongo     : 2018-02-12T23:53:38.606+0100 [initandlisten] MongoDB starting : pid=2451 port=46390 dbpath=/tmp/embedmongo-db-6ae0950a-4bc4-4f21-9bd3-cca29226b1e5 64-bit host=malbera
2018-02-12 23:53:38.607  INFO 2377 --- [       Thread-7] o.s.b.a.mongo.embedded.EmbeddedMongo     : 2018-02-12T23:53:38.606+0100 [initandlisten] db version v2.6.10
2018-02-12 23:53:38.607  INFO 2377 --- [       Thread-7] o.s.b.a.mongo.embedded.EmbeddedMongo     : 2018-02-12T23:53:38.606+0100 [initandlisten] git version: 5901dbfb49d16eaef6f2c2c50fba534d23ac7f6c
2018-02-12 23:53:38.607  INFO 2377 --- [       Thread-7] o.s.b.a.mongo.embedded.EmbeddedMongo     : 2018-02-12T23:53:38.606+0100 [initandlisten] build info: Linux build18.nj1.10gen.cc 2.6.32-431.3.1.el6.x86_64 #1 SMP Fri Jan 3 21:39:27 UTC 2014 x86_64 BOOST_LIB_VERSION=1_49
2018-02-12 23:53:38.607  INFO 2377 --- [       Thread-7] o.s.b.a.mongo.embedded.EmbeddedMongo     : 2018-02-12T23:53:38.606+0100 [initandlisten] allocator: tcmalloc
2018-02-12 23:53:38.607  INFO 2377 --- [       Thread-7] o.s.b.a.mongo.embedded.EmbeddedMongo     : 2018-02-12T23:53:38.606+0100 [initandlisten] options: { net: { bindIp: "127.0.0.1", http: { enabled: false }, port: 46390 }, security: { authorization: "disabled" }, storage: { dbPath: "/tmp/embedmongo-db-6ae0950a-4bc4-4f21-9bd3-cca29226b1e5", journal: { enabled: false }, preallocDataFiles: false, smallFiles: true, syncPeriodSecs: 0.0 } }
2018-02-12 23:53:38.611  INFO 2377 --- [       Thread-7] o.s.b.a.mongo.embedded.EmbeddedMongo     : 2018-02-12T23:53:38.611+0100 [initandlisten] allocating new ns file /tmp/embedmongo-db-6ae0950a-4bc4-4f21-9bd3-cca29226b1e5/local.ns, filling with zeroes...
2018-02-12 23:53:38.662  INFO 2377 --- [       Thread-7] o.s.b.a.mongo.embedded.EmbeddedMongo     : 2018-02-12T23:53:38.662+0100 [FileAllocator] allocating new datafile /tmp/embedmongo-db-6ae0950a-4bc4-4f21-9bd3-cca29226b1e5/local.0, filling with zeroes...
2018-02-12 23:53:38.663  INFO 2377 --- [       Thread-7] o.s.b.a.mongo.embedded.EmbeddedMongo     : 2018-02-12T23:53:38.662+0100 [FileAllocator] creating directory /tmp/embedmongo-db-6ae0950a-4bc4-4f21-9bd3-cca29226b1e5/_tmp
2018-02-12 23:53:38.663  INFO 2377 --- [       Thread-7] o.s.b.a.mongo.embedded.EmbeddedMongo     : 2018-02-12T23:53:38.663+0100 [FileAllocator] done allocating datafile /tmp/embedmongo-db-6ae0950a-4bc4-4f21-9bd3-cca29226b1e5/local.0, size: 16MB,  took 0 secs
2018-02-12 23:53:38.664  INFO 2377 --- [       Thread-7] o.s.b.a.mongo.embedded.EmbeddedMongo     : 2018-02-12T23:53:38.663+0100 [initandlisten] build index on: local.startup_log properties: { v: 1, key: { _id: 1 }, name: "_id_", ns: "local.startup_log" }
2018-02-12 23:53:38.664  INFO 2377 --- [       Thread-7] o.s.b.a.mongo.embedded.EmbeddedMongo     : 2018-02-12T23:53:38.663+0100 [initandlisten] 	 added index to empty collection
2018-02-12 23:53:38.664  INFO 2377 --- [       Thread-7] o.s.b.a.mongo.embedded.EmbeddedMongo     : 2018-02-12T23:53:38.664+0100 [initandlisten] waiting for connections on port 46390
2018-02-12 23:53:38.664  INFO 2377 --- [    Test worker] d.f.embed.process.runtime.Executable     : start de.flapdoodle.embed.mongo.config.MongodConfigBuilder$ImmutableMongodConfig@45c9fd56
2018-02-12 23:53:38.751  INFO 2377 --- [       Thread-7] o.s.b.a.mongo.embedded.EmbeddedMongo     : 2018-02-12T23:53:38.751+0100 [initandlisten] connection accepted from 127.0.0.1:60033 #1 (1 connection now open)
2018-02-12 23:53:39.080  INFO 2377 --- [    Test worker] s.c.a.AnnotationConfigApplicationContext : Refreshing org.springframework.context.annotation.AnnotationConfigApplicationContext@518419c8: startup date [Mon Feb 12 23:53:39 CET 2018]; parent: org.springframework.web.context.support.GenericWebApplicationContext@76c7c254
2018-02-12 23:53:39.093  INFO 2377 --- [    Test worker] f.a.AutowiredAnnotationBeanPostProcessor : JSR-330 'javax.inject.Inject' annotation found and supported for autowiring
2018-02-12 23:53:40.084  INFO 2377 --- [    Test worker] s.w.s.m.m.a.RequestMappingHandlerAdapter : Looking for @ControllerAdvice: org.springframework.web.context.support.GenericWebApplicationContext@76c7c254: startup date [Mon Feb 12 23:53:36 CET 2018]; parent: org.springframework.context.annotation.AnnotationConfigApplicationContext@59d66698
2018-02-12 23:53:40.154  INFO 2377 --- [    Test worker] s.w.s.m.m.a.RequestMappingHandlerMapping : Mapped "{[/recipients/current],methods=[GET]}" onto public java.lang.Object ch.malbera.notification.controller.RecipientController.getCurrentNotificationsSettings(java.security.Principal)
2018-02-12 23:53:40.155  INFO 2377 --- [    Test worker] s.w.s.m.m.a.RequestMappingHandlerMapping : Mapped "{[/recipients/current],methods=[PUT]}" onto public java.lang.Object ch.malbera.notification.controller.RecipientController.saveCurrentNotificationsSettings(java.security.Principal,ch.malbera.notification.domain.Recipient)
2018-02-12 23:53:40.156  INFO 2377 --- [    Test worker] s.w.s.m.m.a.RequestMappingHandlerMapping : Mapped "{[/error],produces=[text/html]}" onto public org.springframework.web.servlet.ModelAndView org.springframework.boot.autoconfigure.web.BasicErrorController.errorHtml(javax.servlet.http.HttpServletRequest,javax.servlet.http.HttpServletResponse)
2018-02-12 23:53:40.156  INFO 2377 --- [    Test worker] s.w.s.m.m.a.RequestMappingHandlerMapping : Mapped "{[/error]}" onto public org.springframework.http.ResponseEntity<java.util.Map<java.lang.String, java.lang.Object>> org.springframework.boot.autoconfigure.web.BasicErrorController.error(javax.servlet.http.HttpServletRequest)
2018-02-12 23:53:40.206  INFO 2377 --- [    Test worker] o.s.w.s.handler.SimpleUrlHandlerMapping  : Mapped URL path [/webjars/**] onto handler of type [class org.springframework.web.servlet.resource.ResourceHttpRequestHandler]
2018-02-12 23:53:40.207  INFO 2377 --- [    Test worker] o.s.w.s.handler.SimpleUrlHandlerMapping  : Mapped URL path [/**] onto handler of type [class org.springframework.web.servlet.resource.ResourceHttpRequestHandler]
2018-02-12 23:53:40.254  INFO 2377 --- [    Test worker] o.s.w.s.handler.SimpleUrlHandlerMapping  : Mapped URL path [/**/favicon.ico] onto handler of type [class org.springframework.web.servlet.resource.ResourceHttpRequestHandler]
2018-02-12 23:53:40.513  INFO 2377 --- [    Test worker] o.s.s.web.DefaultSecurityFilterChain     : Creating filter chain: OrRequestMatcher [requestMatchers=[Ant [pattern='/css/**'], Ant [pattern='/js/**'], Ant [pattern='/images/**'], Ant [pattern='/**/favicon.ico'], Ant [pattern='/error']]], []
2018-02-12 23:53:40.558  INFO 2377 --- [    Test worker] o.s.s.web.DefaultSecurityFilterChain     : Creating filter chain: org.springframework.security.web.util.matcher.AnyRequestMatcher@1, [org.springframework.security.web.context.request.async.WebAsyncManagerIntegrationFilter@774057aa, org.springframework.security.web.context.SecurityContextPersistenceFilter@14fb90ae, org.springframework.security.web.header.HeaderWriterFilter@1c6ff79a, org.springframework.security.web.authentication.logout.LogoutFilter@27ac5eb3, org.springframework.security.oauth2.provider.authentication.OAuth2AuthenticationProcessingFilter@efbf888, org.springframework.security.web.savedrequest.RequestCacheAwareFilter@485572b3, org.springframework.security.web.servletapi.SecurityContextHolderAwareRequestFilter@5ea66ee6, org.springframework.security.web.authentication.AnonymousAuthenticationFilter@3e97165, org.springframework.security.web.session.SessionManagementFilter@6907f97f, org.springframework.security.web.access.ExceptionTranslationFilter@3a4261a8, org.springframework.security.web.access.intercept.FilterSecurityInterceptor@4b77e552]
2018-02-12 23:53:40.569  INFO 2377 --- [    Test worker] o.s.s.web.DefaultSecurityFilterChain     : Creating filter chain: org.springframework.boot.actuate.autoconfigure.ManagementWebSecurityAutoConfiguration$LazyEndpointPathRequestMatcher@10299959, [org.springframework.security.web.context.request.async.WebAsyncManagerIntegrationFilter@6a2179f4, org.springframework.security.web.context.SecurityContextPersistenceFilter@2acccef6, org.springframework.security.web.header.HeaderWriterFilter@26448a63, org.springframework.security.web.authentication.logout.LogoutFilter@84f277, org.springframework.security.web.authentication.www.BasicAuthenticationFilter@67c6fd58, org.springframework.security.web.savedrequest.RequestCacheAwareFilter@b1b26a2, org.springframework.security.web.servletapi.SecurityContextHolderAwareRequestFilter@90ea230, org.springframework.security.web.authentication.AnonymousAuthenticationFilter@3add65d5, org.springframework.security.web.session.SessionManagementFilter@3a1672b4, org.springframework.security.web.access.ExceptionTranslationFilter@54aeab16, org.springframework.security.web.access.intercept.FilterSecurityInterceptor@75b5ed53]
2018-02-12 23:53:40.573  INFO 2377 --- [    Test worker] o.s.s.web.DefaultSecurityFilterChain     : Creating filter chain: OrRequestMatcher [requestMatchers=[Ant [pattern='/**']]], [org.springframework.security.web.context.request.async.WebAsyncManagerIntegrationFilter@3d65f065, org.springframework.security.web.context.SecurityContextPersistenceFilter@75a880c4, org.springframework.security.web.header.HeaderWriterFilter@79b0f804, org.springframework.security.web.authentication.logout.LogoutFilter@19174f9b, org.springframework.security.web.authentication.www.BasicAuthenticationFilter@288842dd, org.springframework.security.web.savedrequest.RequestCacheAwareFilter@5c655359, org.springframework.security.web.servletapi.SecurityContextHolderAwareRequestFilter@226be009, org.springframework.security.web.authentication.AnonymousAuthenticationFilter@213538b5, org.springframework.security.web.session.SessionManagementFilter@28e264a3, org.springframework.security.web.access.ExceptionTranslationFilter@68e83191, org.springframework.security.web.access.intercept.FilterSecurityInterceptor@6a2b277d]
2018-02-12 23:53:40.770  INFO 2377 --- [    Test worker] o.s.b.f.config.PropertiesFactoryBean     : Loading properties file from URL [jar:file:/home/malbera/.m2/repository/org/springframework/integration/spring-integration-core/4.2.5.RELEASE/spring-integration-core-4.2.5.RELEASE.jar!/META-INF/spring.integration.default.properties]
2018-02-12 23:53:40.787  INFO 2377 --- [    Test worker] o.s.s.c.ThreadPoolTaskScheduler          : Initializing ExecutorService  'taskScheduler'
2018-02-12 23:53:41.059  INFO 2377 --- [    Test worker] o.s.b.a.e.mvc.EndpointHandlerMapping     : Mapped "{[/dump || /dump.json],methods=[GET],produces=[application/json]}" onto public java.lang.Object org.springframework.boot.actuate.endpoint.mvc.EndpointMvcAdapter.invoke()
2018-02-12 23:53:41.060  INFO 2377 --- [    Test worker] o.s.b.a.e.mvc.EndpointHandlerMapping     : Mapped "{[/resume || /resume.json],methods=[POST]}" onto public java.lang.Object org.springframework.cloud.endpoint.GenericPostableMvcEndpoint.invoke()
2018-02-12 23:53:41.062  INFO 2377 --- [    Test worker] o.s.b.a.e.mvc.EndpointHandlerMapping     : Mapped "{[/autoconfig || /autoconfig.json],methods=[GET],produces=[application/json]}" onto public java.lang.Object org.springframework.boot.actuate.endpoint.mvc.EndpointMvcAdapter.invoke()
2018-02-12 23:53:41.063  INFO 2377 --- [    Test worker] o.s.b.a.e.mvc.EndpointHandlerMapping     : Mapped "{[/env],methods=[POST]}" onto public java.lang.Object org.springframework.cloud.context.environment.EnvironmentManagerMvcEndpoint.value(java.util.Map<java.lang.String, java.lang.String>)
2018-02-12 23:53:41.064  INFO 2377 --- [    Test worker] o.s.b.a.e.mvc.EndpointHandlerMapping     : Mapped "{[/env/reset],methods=[POST]}" onto public java.util.Map<java.lang.String, java.lang.Object> org.springframework.cloud.context.environment.EnvironmentManagerMvcEndpoint.reset()
2018-02-12 23:53:41.064  INFO 2377 --- [    Test worker] o.s.b.a.e.mvc.EndpointHandlerMapping     : Mapped "{[/pause || /pause.json],methods=[POST]}" onto public java.lang.Object org.springframework.cloud.endpoint.GenericPostableMvcEndpoint.invoke()
2018-02-12 23:53:41.065  INFO 2377 --- [    Test worker] o.s.b.a.e.mvc.EndpointHandlerMapping     : Mapped "{[/metrics/{name:.*}],methods=[GET],produces=[application/json]}" onto public java.lang.Object org.springframework.boot.actuate.endpoint.mvc.MetricsMvcEndpoint.value(java.lang.String)
2018-02-12 23:53:41.065  INFO 2377 --- [    Test worker] o.s.b.a.e.mvc.EndpointHandlerMapping     : Mapped "{[/metrics || /metrics.json],methods=[GET],produces=[application/json]}" onto public java.lang.Object org.springframework.boot.actuate.endpoint.mvc.EndpointMvcAdapter.invoke()
2018-02-12 23:53:41.065  INFO 2377 --- [    Test worker] o.s.b.a.e.mvc.EndpointHandlerMapping     : Mapped "{[/info || /info.json],methods=[GET],produces=[application/json]}" onto public java.lang.Object org.springframework.boot.actuate.endpoint.mvc.EndpointMvcAdapter.invoke()
2018-02-12 23:53:41.066  INFO 2377 --- [    Test worker] o.s.b.a.e.mvc.EndpointHandlerMapping     : Mapped "{[/restart || /restart.json],methods=[POST]}" onto public java.lang.Object org.springframework.cloud.context.restart.RestartMvcEndpoint.invoke()
2018-02-12 23:53:41.066  INFO 2377 --- [    Test worker] o.s.b.a.e.mvc.EndpointHandlerMapping     : Mapped "{[/mappings || /mappings.json],methods=[GET],produces=[application/json]}" onto public java.lang.Object org.springframework.boot.actuate.endpoint.mvc.EndpointMvcAdapter.invoke()
2018-02-12 23:53:41.067  INFO 2377 --- [    Test worker] o.s.b.a.e.mvc.EndpointHandlerMapping     : Mapped "{[/archaius || /archaius.json],methods=[GET],produces=[application/json]}" onto public java.lang.Object org.springframework.boot.actuate.endpoint.mvc.EndpointMvcAdapter.invoke()
2018-02-12 23:53:41.067  INFO 2377 --- [    Test worker] o.s.b.a.e.mvc.EndpointHandlerMapping     : Mapped "{[/bus/refresh],methods=[POST]}" onto public void org.springframework.cloud.bus.endpoint.RefreshBusEndpoint.refresh(java.lang.String)
2018-02-12 23:53:41.068  INFO 2377 --- [    Test worker] o.s.b.a.e.mvc.EndpointHandlerMapping     : Mapped "{[/env/{name:.*}],methods=[GET],produces=[application/json]}" onto public java.lang.Object org.springframework.boot.actuate.endpoint.mvc.EnvironmentMvcEndpoint.value(java.lang.String)
2018-02-12 23:53:41.068  INFO 2377 --- [    Test worker] o.s.b.a.e.mvc.EndpointHandlerMapping     : Mapped "{[/env || /env.json],methods=[GET],produces=[application/json]}" onto public java.lang.Object org.springframework.boot.actuate.endpoint.mvc.EndpointMvcAdapter.invoke()
2018-02-12 23:53:41.069  INFO 2377 --- [    Test worker] o.s.b.a.e.mvc.EndpointHandlerMapping     : Mapped "{[/refresh || /refresh.json],methods=[POST]}" onto public java.lang.Object org.springframework.cloud.endpoint.GenericPostableMvcEndpoint.invoke()
2018-02-12 23:53:41.069  INFO 2377 --- [    Test worker] o.s.b.a.e.mvc.EndpointHandlerMapping     : Mapped "{[/beans || /beans.json],methods=[GET],produces=[application/json]}" onto public java.lang.Object org.springframework.boot.actuate.endpoint.mvc.EndpointMvcAdapter.invoke()
2018-02-12 23:53:41.070  INFO 2377 --- [    Test worker] o.s.b.a.e.mvc.EndpointHandlerMapping     : Mapped "{[/health || /health.json],produces=[application/json]}" onto public java.lang.Object org.springframework.boot.actuate.endpoint.mvc.HealthMvcEndpoint.invoke(java.security.Principal)
2018-02-12 23:53:41.070  INFO 2377 --- [    Test worker] o.s.b.a.e.mvc.EndpointHandlerMapping     : Mapped "{[/configprops || /configprops.json],methods=[GET],produces=[application/json]}" onto public java.lang.Object org.springframework.boot.actuate.endpoint.mvc.EndpointMvcAdapter.invoke()
2018-02-12 23:53:41.071  INFO 2377 --- [    Test worker] o.s.b.a.e.mvc.EndpointHandlerMapping     : Mapped "{[/bus/env],methods=[POST]}" onto public void org.springframework.cloud.bus.endpoint.EnvironmentBusEndpoint.env(java.util.Map<java.lang.String, java.lang.String>,java.lang.String)
2018-02-12 23:53:41.071  INFO 2377 --- [    Test worker] o.s.b.a.e.mvc.EndpointHandlerMapping     : Mapped "{[/trace || /trace.json],methods=[GET],produces=[application/json]}" onto public java.lang.Object org.springframework.boot.actuate.endpoint.mvc.EndpointMvcAdapter.invoke()
2018-02-12 23:53:41.276  INFO 2377 --- [    Test worker] o.s.integration.channel.DirectChannel    : Channel 'application:-1.springCloudBusInput' has 1 subscriber(s).
2018-02-12 23:53:41.321  WARN 2377 --- [    Test worker] o.s.c.n.a.ArchaiusAutoConfiguration      : No spring.application.name found, defaulting to 'application'
2018-02-12 23:53:41.324  WARN 2377 --- [    Test worker] c.n.c.sources.URLConfigurationSource     : No URLs will be polled as dynamic configuration sources.
2018-02-12 23:53:41.324  INFO 2377 --- [    Test worker] c.n.c.sources.URLConfigurationSource     : To enable URLs as dynamic configuration sources, define System property archaius.configurationSource.additionalUrls or make config.properties available on classpath.
2018-02-12 23:53:41.330  WARN 2377 --- [    Test worker] c.n.c.sources.URLConfigurationSource     : No URLs will be polled as dynamic configuration sources.
2018-02-12 23:53:41.331  INFO 2377 --- [    Test worker] c.n.c.sources.URLConfigurationSource     : To enable URLs as dynamic configuration sources, define System property archaius.configurationSource.additionalUrls or make config.properties available on classpath.
2018-02-12 23:53:41.427  INFO 2377 --- [    Test worker] o.s.i.codec.kryo.CompositeKryoRegistrar  : configured Kryo registration [40, java.io.File] with serializer org.springframework.integration.codec.kryo.FileSerializer
2018-02-12 23:53:41.742  INFO 2377 --- [    Test worker] o.s.c.support.DefaultLifecycleProcessor  : Starting beans in phase -2147482648
2018-02-12 23:53:41.798  INFO 2377 --- [    Test worker] s.c.a.AnnotationConfigApplicationContext : Refreshing org.springframework.context.annotation.AnnotationConfigApplicationContext@155a98e8: startup date [Mon Feb 12 23:53:41 CET 2018]; root of context hierarchy
2018-02-12 23:53:41.810  INFO 2377 --- [    Test worker] f.a.AutowiredAnnotationBeanPostProcessor : JSR-330 'javax.inject.Inject' annotation found and supported for autowiring
2018-02-12 23:53:41.817  INFO 2377 --- [    Test worker] trationDelegate$BeanPostProcessorChecker : Bean 'configurationPropertiesRebinderAutoConfiguration' of type [class org.springframework.cloud.autoconfigure.ConfigurationPropertiesRebinderAutoConfiguration$$EnhancerBySpringCGLIB$$a36bd51d] is not eligible for getting processed by all BeanPostProcessors (for example: not eligible for auto-proxying)
2018-02-12 23:53:41.915  INFO 2377 --- [    Test worker] c.c.c.ConfigServicePropertySourceLocator : Fetching config from server at: http://localhost:8888
2018-02-12 23:53:41.920  WARN 2377 --- [    Test worker] c.c.c.ConfigServicePropertySourceLocator : Could not locate PropertySource: I/O error on GET request for "http://localhost:8888/application/default": Connection refused (Connection refused); nested exception is java.net.ConnectException: Connection refused (Connection refused)
2018-02-12 23:53:41.921  INFO 2377 --- [    Test worker] o.s.boot.SpringApplication               : No active profile set, falling back to default profiles: default
2018-02-12 23:53:41.924  INFO 2377 --- [    Test worker] s.c.a.AnnotationConfigApplicationContext : Refreshing org.springframework.context.annotation.AnnotationConfigApplicationContext@2e5720f5: startup date [Mon Feb 12 23:53:41 CET 2018]; parent: org.springframework.web.context.support.GenericWebApplicationContext@76c7c254
2018-02-12 23:53:41.954  INFO 2377 --- [    Test worker] f.a.AutowiredAnnotationBeanPostProcessor : JSR-330 'javax.inject.Inject' annotation found and supported for autowiring
2018-02-12 23:53:42.014  INFO 2377 --- [    Test worker] o.s.c.support.GenericApplicationContext  : Refreshing org.springframework.context.support.GenericApplicationContext@20e22fe2: startup date [Mon Feb 12 23:53:42 CET 2018]; root of context hierarchy
2018-02-12 23:53:42.035  INFO 2377 --- [    Test worker] o.s.boot.SpringApplication               : Started application in 0.281 seconds (JVM running for 7.234)
2018-02-12 23:53:42.068  INFO 2377 --- [    Test worker] o.s.i.endpoint.EventDrivenConsumer       : Adding {message-handler:outbound.springCloudBus} as a subscriber to the 'springCloudBusOutput' channel
2018-02-12 23:53:42.068  INFO 2377 --- [    Test worker] o.s.integration.channel.DirectChannel    : Channel 'application:-1.springCloudBusOutput' has 1 subscriber(s).
2018-02-12 23:53:42.068  INFO 2377 --- [    Test worker] o.s.i.endpoint.EventDrivenConsumer       : started outbound.springCloudBus
2018-02-12 23:53:42.069  INFO 2377 --- [    Test worker] o.s.i.endpoint.EventDrivenConsumer       : Adding {message-handler:outbound.springCloudHystrixStream} as a subscriber to the 'hystrixStreamOutput' channel
2018-02-12 23:53:42.069  INFO 2377 --- [    Test worker] o.s.integration.channel.DirectChannel    : Channel 'application:-1.hystrixStreamOutput' has 1 subscriber(s).
2018-02-12 23:53:42.069  INFO 2377 --- [    Test worker] o.s.i.endpoint.EventDrivenConsumer       : started outbound.springCloudHystrixStream
2018-02-12 23:53:42.070  INFO 2377 --- [    Test worker] o.s.c.support.DefaultLifecycleProcessor  : Starting beans in phase -2147482648
2018-02-12 23:53:42.070  INFO 2377 --- [    Test worker] o.s.c.support.DefaultLifecycleProcessor  : Starting beans in phase 0
2018-02-12 23:53:42.073  INFO 2377 --- [    Test worker] o.s.i.endpoint.EventDrivenConsumer       : Adding {logging-channel-adapter:_org.springframework.integration.errorLogger} as a subscriber to the 'errorChannel' channel
2018-02-12 23:53:42.073  INFO 2377 --- [    Test worker] o.s.i.channel.PublishSubscribeChannel    : Channel 'application:-1.errorChannel' has 1 subscriber(s).
2018-02-12 23:53:42.073  INFO 2377 --- [    Test worker] o.s.i.endpoint.EventDrivenConsumer       : started _org.springframework.integration.errorLogger
2018-02-12 23:53:42.073  INFO 2377 --- [    Test worker] o.s.c.support.DefaultLifecycleProcessor  : Starting beans in phase 2147482647
2018-02-12 23:53:42.084  INFO 2377 --- [    Test worker] o.s.c.s.b.r.RabbitMessageChannelBinder   : declaring queue for inbound: springCloudBus.anonymous.2Al4J3VIQgaIEGK7ZlxVpg, bound to: springCloudBus
2018-02-12 23:53:42.104  INFO 2377 --- [    Test worker] o.s.integration.channel.DirectChannel    : Channel 'springCloudBus.anonymous.2Al4J3VIQgaIEGK7ZlxVpg.bridge' has 1 subscriber(s).
2018-02-12 23:53:42.109  INFO 2377 --- [    Test worker] o.s.i.a.i.AmqpInboundChannelAdapter      : started inbound.springCloudBus.anonymous.2Al4J3VIQgaIEGK7ZlxVpg
2018-02-12 23:53:42.109  INFO 2377 --- [    Test worker] o.s.c.support.DefaultLifecycleProcessor  : Starting beans in phase 2147483647
2018-02-12 23:53:42.110  INFO 2377 --- [    Test worker] o.s.c.support.DefaultLifecycleProcessor  : Starting beans in phase 0
2018-02-12 23:53:42.110  INFO 2377 --- [    Test worker] o.s.c.support.DefaultLifecycleProcessor  : Starting beans in phase 2147482647
2018-02-12 23:53:42.110  INFO 2377 --- [    Test worker] o.s.c.support.DefaultLifecycleProcessor  : Starting beans in phase 2147483647
2018-02-12 23:53:42.139  INFO 2377 --- [    Test worker] .m.n.NotificationServiceApplicationTests : Started NotificationServiceApplicationTests in 6.536 seconds (JVM running for 7.337)
]]></system-out>
  <system-err><![CDATA[]]></system-err>
</testsuite>
