<?xml version="1.0" encoding="UTF-8"?>
<testsuite name="ch.malbera.notification.controller.RecipientControllerTest" tests="2" skipped="0" failures="0" errors="0" timestamp="2018-02-12T22:53:42" hostname="malbera" time="0.297">
  <properties/>
  <testcase name="shouldSaveCurrentRecipientSettings" classname="ch.malbera.notification.controller.RecipientControllerTest" time="0.229"/>
  <testcase name="shouldGetCurrentRecipientSettings" classname="ch.malbera.notification.controller.RecipientControllerTest" time="0.066"/>
  <system-out><![CDATA[2018-02-12 23:53:42.174  INFO 2377 --- [    Test worker] o.s.t.c.support.AbstractContextLoader    : Could not detect default resource locations for test class [ch.malbera.notification.controller.RecipientControllerTest]: no resource found for suffixes {-context.xml, Context.groovy}.
2018-02-12 23:53:42.176  INFO 2377 --- [    Test worker] o.s.t.c.web.WebTestContextBootstrapper   : Loaded default TestExecutionListener class names from location [META-INF/spring.factories]: [org.springframework.test.context.web.ServletTestExecutionListener, org.springframework.test.context.support.DirtiesContextBeforeModesTestExecutionListener, org.springframework.test.context.support.DependencyInjectionTestExecutionListener, org.springframework.test.context.support.DirtiesContextTestExecutionListener, org.springframework.test.context.transaction.TransactionalTestExecutionListener, org.springframework.test.context.jdbc.SqlScriptsTestExecutionListener]
2018-02-12 23:53:42.176  INFO 2377 --- [    Test worker] o.s.t.c.web.WebTestContextBootstrapper   : Using TestExecutionListeners: [org.springframework.test.context.web.ServletTestExecutionListener@5f2d59e9, org.springframework.test.context.support.DirtiesContextBeforeModesTestExecutionListener@77c41cab, org.springframework.test.context.support.DependencyInjectionTestExecutionListener@4149535, org.springframework.test.context.support.DirtiesContextTestExecutionListener@309af0f4, org.springframework.test.context.transaction.TransactionalTestExecutionListener@5cd051f, org.springframework.test.context.jdbc.SqlScriptsTestExecutionListener@523b7049]
2018-02-12 23:53:42.271  INFO 2377 --- [    Test worker] ilder$StaticRequestMappingHandlerMapping : Mapped "{[/recipients/current],methods=[GET]}" onto public java.lang.Object ch.malbera.notification.controller.RecipientController.getCurrentNotificationsSettings(java.security.Principal)
2018-02-12 23:53:42.272  INFO 2377 --- [    Test worker] ilder$StaticRequestMappingHandlerMapping : Mapped "{[/recipients/current],methods=[PUT]}" onto public java.lang.Object ch.malbera.notification.controller.RecipientController.saveCurrentNotificationsSettings(java.security.Principal,ch.malbera.notification.domain.Recipient)
2018-02-12 23:53:42.282  INFO 2377 --- [    Test worker] s.w.s.m.m.a.RequestMappingHandlerAdapter : Looking for @ControllerAdvice: org.springframework.test.web.servlet.setup.StubWebApplicationContext@5d65c7e1
2018-02-12 23:53:42.289  INFO 2377 --- [    Test worker] o.s.mock.web.MockServletContext          : Initializing Spring FrameworkServlet ''
2018-02-12 23:53:42.289  INFO 2377 --- [    Test worker] o.s.t.web.servlet.TestDispatcherServlet  : FrameworkServlet '': initialization started
2018-02-12 23:53:42.289  INFO 2377 --- [    Test worker] o.s.t.web.servlet.TestDispatcherServlet  : FrameworkServlet '': initialization completed in 0 ms
2018-02-12 23:53:42.414  INFO 2377 --- [    Test worker] ilder$StaticRequestMappingHandlerMapping : Mapped "{[/recipients/current],methods=[GET]}" onto public java.lang.Object ch.malbera.notification.controller.RecipientController.getCurrentNotificationsSettings(java.security.Principal)
2018-02-12 23:53:42.414  INFO 2377 --- [    Test worker] ilder$StaticRequestMappingHandlerMapping : Mapped "{[/recipients/current],methods=[PUT]}" onto public java.lang.Object ch.malbera.notification.controller.RecipientController.saveCurrentNotificationsSettings(java.security.Principal,ch.malbera.notification.domain.Recipient)
2018-02-12 23:53:42.425  INFO 2377 --- [    Test worker] s.w.s.m.m.a.RequestMappingHandlerAdapter : Looking for @ControllerAdvice: org.springframework.test.web.servlet.setup.StubWebApplicationContext@131e777
2018-02-12 23:53:42.429  INFO 2377 --- [    Test worker] o.s.mock.web.MockServletContext          : Initializing Spring FrameworkServlet ''
2018-02-12 23:53:42.430  INFO 2377 --- [    Test worker] o.s.t.web.servlet.TestDispatcherServlet  : FrameworkServlet '': initialization started
2018-02-12 23:53:42.430  INFO 2377 --- [    Test worker] o.s.t.web.servlet.TestDispatcherServlet  : FrameworkServlet '': initialization completed in 0 ms
]]></system-out>
  <system-err><![CDATA[]]></system-err>
</testsuite>
