<?xml version="1.0" encoding="UTF-8"?>
<testsuite name="ch.malbera.auth.AuthServiceApplicationTests" tests="1" skipped="0" failures="0" errors="0" timestamp="2018-02-12T22:53:20" hostname="malbera" time="0.005">
  <properties/>
  <testcase name="contextLoads" classname="ch.malbera.auth.AuthServiceApplicationTests" time="0.005"/>
  <system-out><![CDATA[23:53:16.715 [Test worker] DEBUG org.springframework.test.context.junit4.SpringJUnit4ClassRunner - SpringJUnit4ClassRunner constructor called with [class ch.malbera.auth.AuthServiceApplicationTests]
23:53:16.721 [Test worker] DEBUG org.springframework.test.context.BootstrapUtils - Instantiating CacheAwareContextLoaderDelegate from class [org.springframework.test.context.cache.DefaultCacheAwareContextLoaderDelegate]
23:53:16.726 [Test worker] DEBUG org.springframework.test.context.BootstrapUtils - Instantiating BootstrapContext using constructor [public org.springframework.test.context.support.DefaultBootstrapContext(java.lang.Class,org.springframework.test.context.CacheAwareContextLoaderDelegate)]
23:53:16.735 [Test worker] DEBUG org.springframework.test.context.BootstrapUtils - Instantiating TestContextBootstrapper for test class [ch.malbera.auth.AuthServiceApplicationTests] from class [org.springframework.test.context.support.DefaultTestContextBootstrapper]
23:53:16.758 [Test worker] DEBUG org.springframework.test.context.support.DefaultTestContextBootstrapper - Found explicit ContextLoader class [org.springframework.boot.test.SpringApplicationContextLoader] for context configuration attributes [ContextConfigurationAttributes@6c3d1380 declaringClass = 'ch.malbera.auth.AuthServiceApplicationTests', classes = '{class ch.malbera.auth.AuthApplication}', locations = '{}', inheritLocations = true, initializers = '{}', inheritInitializers = true, name = [null], contextLoaderClass = 'org.springframework.boot.test.SpringApplicationContextLoader']
23:53:16.765 [Test worker] DEBUG org.springframework.test.context.support.AbstractContextLoader - Did not detect default resource location for test class [ch.malbera.auth.AuthServiceApplicationTests]: class path resource [ch/malbera/auth/AuthServiceApplicationTests-context.xml] does not exist
23:53:16.765 [Test worker] DEBUG org.springframework.test.context.support.AbstractContextLoader - Did not detect default resource location for test class [ch.malbera.auth.AuthServiceApplicationTests]: class path resource [ch/malbera/auth/AuthServiceApplicationTestsContext.groovy] does not exist
23:53:16.765 [Test worker] INFO org.springframework.test.context.support.AbstractContextLoader - Could not detect default resource locations for test class [ch.malbera.auth.AuthServiceApplicationTests]: no resource found for suffixes {-context.xml, Context.groovy}.
23:53:16.766 [Test worker] DEBUG org.springframework.test.context.support.ActiveProfilesUtils - Could not find an 'annotation declaring class' for annotation type [org.springframework.test.context.ActiveProfiles] and class [ch.malbera.auth.AuthServiceApplicationTests]
23:53:16.770 [Test worker] DEBUG org.springframework.test.context.support.DefaultTestContextBootstrapper - @TestExecutionListeners is not present for class [ch.malbera.auth.AuthServiceApplicationTests]: using defaults.
23:53:16.779 [Test worker] INFO org.springframework.test.context.support.DefaultTestContextBootstrapper - Loaded default TestExecutionListener class names from location [META-INF/spring.factories]: [org.springframework.test.context.web.ServletTestExecutionListener, org.springframework.test.context.support.DirtiesContextBeforeModesTestExecutionListener, org.springframework.test.context.support.DependencyInjectionTestExecutionListener, org.springframework.test.context.support.DirtiesContextTestExecutionListener, org.springframework.test.context.transaction.TransactionalTestExecutionListener, org.springframework.test.context.jdbc.SqlScriptsTestExecutionListener]
23:53:16.790 [Test worker] INFO org.springframework.test.context.support.DefaultTestContextBootstrapper - Using TestExecutionListeners: [org.springframework.test.context.web.ServletTestExecutionListener@2d1e4d6e, org.springframework.test.context.support.DirtiesContextBeforeModesTestExecutionListener@70ffa01c, org.springframework.test.context.support.DependencyInjectionTestExecutionListener@66cca867, org.springframework.test.context.support.DirtiesContextTestExecutionListener@9d2f28, org.springframework.test.context.transaction.TransactionalTestExecutionListener@5fb76768, org.springframework.test.context.jdbc.SqlScriptsTestExecutionListener@52c5d3c2]
23:53:16.792 [Test worker] DEBUG org.springframework.test.annotation.ProfileValueUtils - Retrieved @ProfileValueSourceConfiguration [null] for test class [ch.malbera.auth.AuthServiceApplicationTests]
23:53:16.793 [Test worker] DEBUG org.springframework.test.annotation.ProfileValueUtils - Retrieved ProfileValueSource type [class org.springframework.test.annotation.SystemProfileValueSource] for class [ch.malbera.auth.AuthServiceApplicationTests]
23:53:16.793 [Test worker] DEBUG org.springframework.test.annotation.ProfileValueUtils - Retrieved @ProfileValueSourceConfiguration [null] for test class [ch.malbera.auth.AuthServiceApplicationTests]
23:53:16.793 [Test worker] DEBUG org.springframework.test.annotation.ProfileValueUtils - Retrieved ProfileValueSource type [class org.springframework.test.annotation.SystemProfileValueSource] for class [ch.malbera.auth.AuthServiceApplicationTests]
23:53:16.795 [Test worker] DEBUG org.springframework.test.context.support.AbstractDirtiesContextTestExecutionListener - Before test class: context [DefaultTestContext@77893b6b testClass = AuthServiceApplicationTests, testInstance = [null], testMethod = [null], testException = [null], mergedContextConfiguration = [MergedContextConfiguration@a54a507 testClass = AuthServiceApplicationTests, locations = '{}', classes = '{class ch.malbera.auth.AuthApplication}', contextInitializerClasses = '[]', activeProfiles = '{}', propertySourceLocations = '{}', propertySourceProperties = '{}', contextLoader = 'org.springframework.boot.test.SpringApplicationContextLoader', parent = [null]]], class annotated with @DirtiesContext [false] with mode [null].
23:53:16.801 [Test worker] DEBUG org.springframework.test.annotation.ProfileValueUtils - Retrieved @ProfileValueSourceConfiguration [null] for test class [ch.malbera.auth.AuthServiceApplicationTests]
23:53:16.801 [Test worker] DEBUG org.springframework.test.annotation.ProfileValueUtils - Retrieved ProfileValueSource type [class org.springframework.test.annotation.SystemProfileValueSource] for class [ch.malbera.auth.AuthServiceApplicationTests]
23:53:16.802 [Test worker] DEBUG org.springframework.test.context.support.DependencyInjectionTestExecutionListener - Performing dependency injection for test context [[DefaultTestContext@77893b6b testClass = AuthServiceApplicationTests, testInstance = ch.malbera.auth.AuthServiceApplicationTests@11802dde, testMethod = [null], testException = [null], mergedContextConfiguration = [MergedContextConfiguration@a54a507 testClass = AuthServiceApplicationTests, locations = '{}', classes = '{class ch.malbera.auth.AuthApplication}', contextInitializerClasses = '[]', activeProfiles = '{}', propertySourceLocations = '{}', propertySourceProperties = '{}', contextLoader = 'org.springframework.boot.test.SpringApplicationContextLoader', parent = [null]]]].
23:53:16.864 [Test worker] DEBUG org.springframework.core.env.StandardEnvironment - Adding [systemProperties] PropertySource with lowest search precedence
23:53:16.866 [Test worker] DEBUG org.springframework.core.env.StandardEnvironment - Adding [systemEnvironment] PropertySource with lowest search precedence
23:53:16.866 [Test worker] DEBUG org.springframework.core.env.StandardEnvironment - Initialized StandardEnvironment with PropertySources [systemProperties,systemEnvironment]
23:53:16.868 [Test worker] DEBUG org.springframework.core.env.StandardEnvironment - Adding [integrationTest] PropertySource with search precedence immediately lower than [systemEnvironment]
2018-02-12 23:53:17.229  INFO 2142 --- [    Test worker] s.c.a.AnnotationConfigApplicationContext : Refreshing org.springframework.context.annotation.AnnotationConfigApplicationContext@2a445379: startup date [Mon Feb 12 23:53:17 CET 2018]; root of context hierarchy
2018-02-12 23:53:17.443  INFO 2142 --- [    Test worker] f.a.AutowiredAnnotationBeanPostProcessor : JSR-330 'javax.inject.Inject' annotation found and supported for autowiring
2018-02-12 23:53:17.467  INFO 2142 --- [    Test worker] trationDelegate$BeanPostProcessorChecker : Bean 'configurationPropertiesRebinderAutoConfiguration' of type [class org.springframework.cloud.autoconfigure.ConfigurationPropertiesRebinderAutoConfiguration$$EnhancerBySpringCGLIB$$f87b9c57] is not eligible for getting processed by all BeanPostProcessors (for example: not eligible for auto-proxying)

  .   ____          _            __ _ _
 /\\ / ___'_ __ _ _(_)_ __  __ _ \ \ \ \
( ( )\___ | '_ | '_| | '_ \/ _` | \ \ \ \
 \\/  ___)| |_)| | | | | || (_| |  ) ) ) )
  '  |____| .__|_| |_|_| |_\__, | / / / /
 =========|_|==============|___/=/_/_/_/
 :: Spring Boot ::        (v1.3.5.RELEASE)

2018-02-12 23:53:17.820  INFO 2142 --- [    Test worker] c.c.c.ConfigServicePropertySourceLocator : Fetching config from server at: http://localhost:8888
2018-02-12 23:53:17.891  WARN 2142 --- [    Test worker] c.c.c.ConfigServicePropertySourceLocator : Could not locate PropertySource: I/O error on GET request for "http://localhost:8888/application/default": Connection refused (Connection refused); nested exception is java.net.ConnectException: Connection refused (Connection refused)
2018-02-12 23:53:17.892  INFO 2142 --- [    Test worker] c.m.auth.AuthServiceApplicationTests     : No active profile set, falling back to default profiles: default
2018-02-12 23:53:17.908  INFO 2142 --- [    Test worker] s.c.a.AnnotationConfigApplicationContext : Refreshing org.springframework.context.annotation.AnnotationConfigApplicationContext@97dec1e: startup date [Mon Feb 12 23:53:17 CET 2018]; parent: org.springframework.context.annotation.AnnotationConfigApplicationContext@2a445379
2018-02-12 23:53:18.500  WARN 2142 --- [    Test worker] o.s.c.a.ConfigurationClassPostProcessor  : Cannot enhance @Configuration bean definition 'org.springframework.security.oauth2.config.annotation.web.configuration.AuthorizationServerEndpointsConfiguration$TokenKeyEndpointRegistrar' since its singleton instance has been created too early. The typical cause is a non-static @Bean method with a BeanDefinitionRegistryPostProcessor return type: Consider declaring such methods as 'static'.
2018-02-12 23:53:18.500  WARN 2142 --- [    Test worker] o.s.c.a.ConfigurationClassPostProcessor  : Cannot enhance @Configuration bean definition 'refreshScope' since its singleton instance has been created too early. The typical cause is a non-static @Bean method with a BeanDefinitionRegistryPostProcessor return type: Consider declaring such methods as 'static'.
2018-02-12 23:53:18.558  INFO 2142 --- [    Test worker] o.s.cloud.context.scope.GenericScope     : BeanFactory id=64778566-5e1a-392c-82a8-4c279d72e6f8
2018-02-12 23:53:18.568  INFO 2142 --- [    Test worker] f.a.AutowiredAnnotationBeanPostProcessor : JSR-330 'javax.inject.Inject' annotation found and supported for autowiring
2018-02-12 23:53:18.598  INFO 2142 --- [    Test worker] trationDelegate$BeanPostProcessorChecker : Bean 'org.springframework.cloud.autoconfigure.ConfigurationPropertiesRebinderAutoConfiguration' of type [class org.springframework.cloud.autoconfigure.ConfigurationPropertiesRebinderAutoConfiguration$$EnhancerBySpringCGLIB$$f87b9c57] is not eligible for getting processed by all BeanPostProcessors (for example: not eligible for auto-proxying)
2018-02-12 23:53:18.618  INFO 2142 --- [    Test worker] trationDelegate$BeanPostProcessorChecker : Bean 'org.springframework.security.config.annotation.configuration.ObjectPostProcessorConfiguration' of type [class org.springframework.security.config.annotation.configuration.ObjectPostProcessorConfiguration$$EnhancerBySpringCGLIB$$750f6194] is not eligible for getting processed by all BeanPostProcessors (for example: not eligible for auto-proxying)
2018-02-12 23:53:18.627  INFO 2142 --- [    Test worker] trationDelegate$BeanPostProcessorChecker : Bean 'objectPostProcessor' of type [class org.springframework.security.config.annotation.configuration.AutowireBeanFactoryObjectPostProcessor] is not eligible for getting processed by all BeanPostProcessors (for example: not eligible for auto-proxying)
2018-02-12 23:53:18.631  INFO 2142 --- [    Test worker] trationDelegate$BeanPostProcessorChecker : Bean 'org.springframework.security.access.expression.method.DefaultMethodSecurityExpressionHandler@3a86aa7a' of type [class org.springframework.security.oauth2.provider.expression.OAuth2MethodSecurityExpressionHandler] is not eligible for getting processed by all BeanPostProcessors (for example: not eligible for auto-proxying)
2018-02-12 23:53:18.638  INFO 2142 --- [    Test worker] trationDelegate$BeanPostProcessorChecker : Bean 'org.springframework.security.config.annotation.method.configuration.GlobalMethodSecurityConfiguration' of type [class org.springframework.security.config.annotation.method.configuration.GlobalMethodSecurityConfiguration$$EnhancerBySpringCGLIB$$99e40446] is not eligible for getting processed by all BeanPostProcessors (for example: not eligible for auto-proxying)
2018-02-12 23:53:18.651  INFO 2142 --- [    Test worker] trationDelegate$BeanPostProcessorChecker : Bean 'methodSecurityMetadataSource' of type [class org.springframework.security.access.method.DelegatingMethodSecurityMetadataSource] is not eligible for getting processed by all BeanPostProcessors (for example: not eligible for auto-proxying)
2018-02-12 23:53:18.887  INFO 2142 --- [       Thread-7] o.s.b.a.mongo.embedded.EmbeddedMongo     : note: noprealloc may hurt performance in many applications
2018-02-12 23:53:18.888  INFO 2142 --- [       Thread-7] o.s.b.a.mongo.embedded.EmbeddedMongo     : 2018-02-12T23:53:18.888+0100 [DataFileSync] warning: --syncdelay 0 is not recommended and can have strange performance
2018-02-12 23:53:18.891  INFO 2142 --- [       Thread-7] o.s.b.a.mongo.embedded.EmbeddedMongo     : 2018-02-12T23:53:18.889+0100 [initandlisten] MongoDB starting : pid=2183 port=40071 dbpath=/tmp/embedmongo-db-52c11b31-6157-4442-9622-0ca787777082 64-bit host=malbera
2018-02-12 23:53:18.892  INFO 2142 --- [       Thread-7] o.s.b.a.mongo.embedded.EmbeddedMongo     : 2018-02-12T23:53:18.891+0100 [initandlisten] db version v2.6.10
2018-02-12 23:53:18.892  INFO 2142 --- [       Thread-7] o.s.b.a.mongo.embedded.EmbeddedMongo     : 2018-02-12T23:53:18.891+0100 [initandlisten] git version: 5901dbfb49d16eaef6f2c2c50fba534d23ac7f6c
2018-02-12 23:53:18.892  INFO 2142 --- [       Thread-7] o.s.b.a.mongo.embedded.EmbeddedMongo     : 2018-02-12T23:53:18.891+0100 [initandlisten] build info: Linux build18.nj1.10gen.cc 2.6.32-431.3.1.el6.x86_64 #1 SMP Fri Jan 3 21:39:27 UTC 2014 x86_64 BOOST_LIB_VERSION=1_49
2018-02-12 23:53:18.893  INFO 2142 --- [       Thread-7] o.s.b.a.mongo.embedded.EmbeddedMongo     : 2018-02-12T23:53:18.891+0100 [initandlisten] allocator: tcmalloc
2018-02-12 23:53:18.898  INFO 2142 --- [       Thread-7] o.s.b.a.mongo.embedded.EmbeddedMongo     : 2018-02-12T23:53:18.891+0100 [initandlisten] options: { net: { bindIp: "127.0.0.1", http: { enabled: false }, port: 40071 }, security: { authorization: "disabled" }, storage: { dbPath: "/tmp/embedmongo-db-52c11b31-6157-4442-9622-0ca787777082", journal: { enabled: false }, preallocDataFiles: false, smallFiles: true, syncPeriodSecs: 0.0 } }
2018-02-12 23:53:18.900  INFO 2142 --- [       Thread-7] o.s.b.a.mongo.embedded.EmbeddedMongo     : 2018-02-12T23:53:18.900+0100 [initandlisten] allocating new ns file /tmp/embedmongo-db-52c11b31-6157-4442-9622-0ca787777082/local.ns, filling with zeroes...
2018-02-12 23:53:18.952  INFO 2142 --- [       Thread-7] o.s.b.a.mongo.embedded.EmbeddedMongo     : 2018-02-12T23:53:18.951+0100 [FileAllocator] allocating new datafile /tmp/embedmongo-db-52c11b31-6157-4442-9622-0ca787777082/local.0, filling with zeroes...
2018-02-12 23:53:18.952  INFO 2142 --- [       Thread-7] o.s.b.a.mongo.embedded.EmbeddedMongo     : 2018-02-12T23:53:18.952+0100 [FileAllocator] creating directory /tmp/embedmongo-db-52c11b31-6157-4442-9622-0ca787777082/_tmp
2018-02-12 23:53:18.952  INFO 2142 --- [       Thread-7] o.s.b.a.mongo.embedded.EmbeddedMongo     : 2018-02-12T23:53:18.952+0100 [FileAllocator] done allocating datafile /tmp/embedmongo-db-52c11b31-6157-4442-9622-0ca787777082/local.0, size: 16MB,  took 0 secs
2018-02-12 23:53:18.953  INFO 2142 --- [       Thread-7] o.s.b.a.mongo.embedded.EmbeddedMongo     : 2018-02-12T23:53:18.953+0100 [initandlisten] build index on: local.startup_log properties: { v: 1, key: { _id: 1 }, name: "_id_", ns: "local.startup_log" }
2018-02-12 23:53:18.953  INFO 2142 --- [       Thread-7] o.s.b.a.mongo.embedded.EmbeddedMongo     : 2018-02-12T23:53:18.953+0100 [initandlisten] 	 added index to empty collection
2018-02-12 23:53:18.953  INFO 2142 --- [       Thread-7] o.s.b.a.mongo.embedded.EmbeddedMongo     : 2018-02-12T23:53:18.953+0100 [initandlisten] waiting for connections on port 40071
2018-02-12 23:53:18.954  INFO 2142 --- [    Test worker] d.f.embed.process.runtime.Executable     : start de.flapdoodle.embed.mongo.config.MongodConfigBuilder$ImmutableMongodConfig@4500ae81
2018-02-12 23:53:19.016  INFO 2142 --- [       Thread-7] o.s.b.a.mongo.embedded.EmbeddedMongo     : 2018-02-12T23:53:19.016+0100 [initandlisten] connection accepted from 127.0.0.1:45546 #1 (1 connection now open)
2018-02-12 23:53:19.398  INFO 2142 --- [    Test worker] .s.o.p.e.FrameworkEndpointHandlerMapping : Mapped "{[/oauth/authorize]}" onto public org.springframework.web.servlet.ModelAndView org.springframework.security.oauth2.provider.endpoint.AuthorizationEndpoint.authorize(java.util.Map<java.lang.String, java.lang.Object>,java.util.Map<java.lang.String, java.lang.String>,org.springframework.web.bind.support.SessionStatus,java.security.Principal)
2018-02-12 23:53:19.400  INFO 2142 --- [    Test worker] .s.o.p.e.FrameworkEndpointHandlerMapping : Mapped "{[/oauth/authorize],methods=[POST],params=[user_oauth_approval]}" onto public org.springframework.web.servlet.View org.springframework.security.oauth2.provider.endpoint.AuthorizationEndpoint.approveOrDeny(java.util.Map<java.lang.String, java.lang.String>,java.util.Map<java.lang.String, ?>,org.springframework.web.bind.support.SessionStatus,java.security.Principal)
2018-02-12 23:53:19.402  INFO 2142 --- [    Test worker] .s.o.p.e.FrameworkEndpointHandlerMapping : Mapped "{[/oauth/token],methods=[GET]}" onto public org.springframework.http.ResponseEntity<org.springframework.security.oauth2.common.OAuth2AccessToken> org.springframework.security.oauth2.provider.endpoint.TokenEndpoint.getAccessToken(java.security.Principal,java.util.Map<java.lang.String, java.lang.String>) throws org.springframework.web.HttpRequestMethodNotSupportedException
2018-02-12 23:53:19.402  INFO 2142 --- [    Test worker] .s.o.p.e.FrameworkEndpointHandlerMapping : Mapped "{[/oauth/token],methods=[POST]}" onto public org.springframework.http.ResponseEntity<org.springframework.security.oauth2.common.OAuth2AccessToken> org.springframework.security.oauth2.provider.endpoint.TokenEndpoint.postAccessToken(java.security.Principal,java.util.Map<java.lang.String, java.lang.String>) throws org.springframework.web.HttpRequestMethodNotSupportedException
2018-02-12 23:53:19.403  INFO 2142 --- [    Test worker] .s.o.p.e.FrameworkEndpointHandlerMapping : Mapped "{[/oauth/check_token]}" onto public java.util.Map<java.lang.String, ?> org.springframework.security.oauth2.provider.endpoint.CheckTokenEndpoint.checkToken(java.lang.String)
2018-02-12 23:53:19.403  INFO 2142 --- [    Test worker] .s.o.p.e.FrameworkEndpointHandlerMapping : Mapped "{[/oauth/confirm_access]}" onto public org.springframework.web.servlet.ModelAndView org.springframework.security.oauth2.provider.endpoint.WhitelabelApprovalEndpoint.getAccessConfirmation(java.util.Map<java.lang.String, java.lang.Object>,javax.servlet.http.HttpServletRequest) throws java.lang.Exception
2018-02-12 23:53:19.404  INFO 2142 --- [    Test worker] .s.o.p.e.FrameworkEndpointHandlerMapping : Mapped "{[/oauth/error]}" onto public org.springframework.web.servlet.ModelAndView org.springframework.security.oauth2.provider.endpoint.WhitelabelErrorEndpoint.handleError(javax.servlet.http.HttpServletRequest)
2018-02-12 23:53:19.870  INFO 2142 --- [    Test worker] o.s.s.web.DefaultSecurityFilterChain     : Creating filter chain: OrRequestMatcher [requestMatchers=[Ant [pattern='/oauth/token'], Ant [pattern='/oauth/token_key'], Ant [pattern='/oauth/check_token']]], [org.springframework.security.web.context.request.async.WebAsyncManagerIntegrationFilter@3106779d, org.springframework.security.web.context.SecurityContextPersistenceFilter@7c7d96bf, org.springframework.security.web.header.HeaderWriterFilter@76dbcc47, org.springframework.security.web.authentication.logout.LogoutFilter@44b90f00, org.springframework.security.web.authentication.www.BasicAuthenticationFilter@37a463d, org.springframework.security.web.savedrequest.RequestCacheAwareFilter@db0aea3, org.springframework.security.web.servletapi.SecurityContextHolderAwareRequestFilter@3736fa5e, org.springframework.security.web.authentication.AnonymousAuthenticationFilter@4ea9be97, org.springframework.security.web.session.SessionManagementFilter@79cd4617, org.springframework.security.web.access.ExceptionTranslationFilter@24f35930, org.springframework.security.web.access.intercept.FilterSecurityInterceptor@345d6b6a]
2018-02-12 23:53:19.889  INFO 2142 --- [    Test worker] o.s.s.web.DefaultSecurityFilterChain     : Creating filter chain: org.springframework.security.oauth2.config.annotation.web.configuration.ResourceServerConfiguration$NotOAuthRequestMatcher@52c4b1f5, [org.springframework.security.web.context.request.async.WebAsyncManagerIntegrationFilter@7ff69822, org.springframework.security.web.context.SecurityContextPersistenceFilter@1639bf52, org.springframework.security.web.header.HeaderWriterFilter@6a22ff7, org.springframework.security.web.authentication.logout.LogoutFilter@43aa7add, org.springframework.security.oauth2.provider.authentication.OAuth2AuthenticationProcessingFilter@58de5d92, org.springframework.security.web.savedrequest.RequestCacheAwareFilter@69a3d663, org.springframework.security.web.servletapi.SecurityContextHolderAwareRequestFilter@7ee98137, org.springframework.security.web.authentication.AnonymousAuthenticationFilter@3f338e2b, org.springframework.security.web.session.SessionManagementFilter@42efe23d, org.springframework.security.web.access.ExceptionTranslationFilter@4916de68, org.springframework.security.web.access.intercept.FilterSecurityInterceptor@76a2f794]
2018-02-12 23:53:19.893  INFO 2142 --- [    Test worker] o.s.s.web.DefaultSecurityFilterChain     : Creating filter chain: org.springframework.security.web.util.matcher.AnyRequestMatcher@1, [org.springframework.security.web.context.request.async.WebAsyncManagerIntegrationFilter@f32a9b1, org.springframework.security.web.context.SecurityContextPersistenceFilter@48504150, org.springframework.security.web.header.HeaderWriterFilter@571f68bc, org.springframework.security.web.authentication.logout.LogoutFilter@11bd9dba, org.springframework.security.web.savedrequest.RequestCacheAwareFilter@71a2f3f3, org.springframework.security.web.servletapi.SecurityContextHolderAwareRequestFilter@5dd42ff3, org.springframework.security.web.authentication.AnonymousAuthenticationFilter@4d0f7, org.springframework.security.web.session.SessionManagementFilter@7b06e46f, org.springframework.security.web.access.ExceptionTranslationFilter@540db8d9, org.springframework.security.web.access.intercept.FilterSecurityInterceptor@3c8c57d8]
2018-02-12 23:53:20.207  WARN 2142 --- [    Test worker] o.s.c.n.a.ArchaiusAutoConfiguration      : No spring.application.name found, defaulting to 'application'
2018-02-12 23:53:20.211  WARN 2142 --- [    Test worker] c.n.c.sources.URLConfigurationSource     : No URLs will be polled as dynamic configuration sources.
2018-02-12 23:53:20.211  INFO 2142 --- [    Test worker] c.n.c.sources.URLConfigurationSource     : To enable URLs as dynamic configuration sources, define System property archaius.configurationSource.additionalUrls or make config.properties available on classpath.
2018-02-12 23:53:20.218  WARN 2142 --- [    Test worker] c.n.c.sources.URLConfigurationSource     : No URLs will be polled as dynamic configuration sources.
2018-02-12 23:53:20.218  INFO 2142 --- [    Test worker] c.n.c.sources.URLConfigurationSource     : To enable URLs as dynamic configuration sources, define System property archaius.configurationSource.additionalUrls or make config.properties available on classpath.
2018-02-12 23:53:20.324  INFO 2142 --- [    Test worker] c.m.auth.AuthServiceApplicationTests     : Started AuthServiceApplicationTests in 3.454 seconds (JVM running for 4.215)
]]></system-out>
  <system-err><![CDATA[]]></system-err>
</testsuite>
