<?xml version="1.0" encoding="UTF-8"?>
<testsuite name="ch.malbera.auth.repository.UserRepositoryTest" tests="1" skipped="0" failures="0" errors="0" timestamp="2018-02-12T22:53:22" hostname="malbera" time="0.091">
  <properties/>
  <testcase name="shouldSaveAndFindUserByName" classname="ch.malbera.auth.repository.UserRepositoryTest" time="0.091"/>
  <system-out><![CDATA[2018-02-12 23:53:22.695  INFO 2142 --- [    Test worker] o.s.t.c.support.AbstractContextLoader    : Could not detect default resource locations for test class [ch.malbera.auth.repository.UserRepositoryTest]: no resource found for suffixes {-context.xml, Context.groovy}.
2018-02-12 23:53:22.696  INFO 2142 --- [    Test worker] o.s.t.c.s.DefaultTestContextBootstrapper : Loaded default TestExecutionListener class names from location [META-INF/spring.factories]: [org.springframework.test.context.web.ServletTestExecutionListener, org.springframework.test.context.support.DirtiesContextBeforeModesTestExecutionListener, org.springframework.test.context.support.DependencyInjectionTestExecutionListener, org.springframework.test.context.support.DirtiesContextTestExecutionListener, org.springframework.test.context.transaction.TransactionalTestExecutionListener, org.springframework.test.context.jdbc.SqlScriptsTestExecutionListener]
2018-02-12 23:53:22.696  INFO 2142 --- [    Test worker] o.s.t.c.s.DefaultTestContextBootstrapper : Using TestExecutionListeners: [org.springframework.test.context.web.ServletTestExecutionListener@344d0498, org.springframework.test.context.support.DirtiesContextBeforeModesTestExecutionListener@1b230b75, org.springframework.test.context.support.DependencyInjectionTestExecutionListener@47428c99, org.springframework.test.context.support.DirtiesContextTestExecutionListener@28b5a727, org.springframework.test.context.transaction.TransactionalTestExecutionListener@74801f6d, org.springframework.test.context.jdbc.SqlScriptsTestExecutionListener@77fbda2b]
2018-02-12 23:53:22.710  INFO 2142 --- [       Thread-7] o.s.b.a.mongo.embedded.EmbeddedMongo     : 2018-02-12T23:53:22.709+0100 [initandlisten] connection accepted from 127.0.0.1:45566 #2 (2 connections now open)
2018-02-12 23:53:22.718  INFO 2142 --- [       Thread-7] o.s.b.a.mongo.embedded.EmbeddedMongo     : 2018-02-12T23:53:22.718+0100 [conn2] allocating new ns file /tmp/embedmongo-db-52c11b31-6157-4442-9622-0ca787777082/malbera.ns, filling with zeroes...
2018-02-12 23:53:22.775  INFO 2142 --- [       Thread-7] o.s.b.a.mongo.embedded.EmbeddedMongo     : 2018-02-12T23:53:22.775+0100 [FileAllocator] allocating new datafile /tmp/embedmongo-db-52c11b31-6157-4442-9622-0ca787777082/malbera.0, filling with zeroes...
2018-02-12 23:53:22.776  INFO 2142 --- [       Thread-7] o.s.b.a.mongo.embedded.EmbeddedMongo     : 2018-02-12T23:53:22.776+0100 [FileAllocator] done allocating datafile /tmp/embedmongo-db-52c11b31-6157-4442-9622-0ca787777082/malbera.0, size: 16MB,  took 0 secs
2018-02-12 23:53:22.776  INFO 2142 --- [       Thread-7] o.s.b.a.mongo.embedded.EmbeddedMongo     : 2018-02-12T23:53:22.776+0100 [conn2] build index on: malbera.users properties: { v: 1, key: { _id: 1 }, name: "_id_", ns: "malbera.users" }
2018-02-12 23:53:22.776  INFO 2142 --- [       Thread-7] o.s.b.a.mongo.embedded.EmbeddedMongo     : 2018-02-12T23:53:22.776+0100 [conn2] 	 added index to empty collection
]]></system-out>
  <system-err><![CDATA[]]></system-err>
</testsuite>
